# JRE version: OpenJDK Runtime Environment (8.0_242-b01) (build 1.8.0_242-release-1644-b01)
# Java VM: OpenJDK 64-Bit Server VM (25.242-b01 mixed mode windows-amd64 compressed oops)
Heap:
 PSYoungGen      total 340480K, used 320305K [0x00000000d5580000, 0x00000000ef200000, 0x0000000100000000)
  eden space 288256K, 97% used [0x00000000d5580000,0x00000000e6930398,0x00000000e6f00000)
  from space 52224K, 72% used [0x00000000eab80000,0x00000000ed09c270,0x00000000ede80000)
  to   space 61952K, 0% used [0x00000000e6f00000,0x00000000e6f00000,0x00000000eab80000)
 ParOldGen       total 215040K, used 83882K [0x0000000080000000, 0x000000008d200000, 0x00000000d5580000)
  object space 215040K, 39% used [0x0000000080000000,0x00000000851ea870,0x000000008d200000)
 Metaspace       used 102640K, capacity 110565K, committed 110680K, reserved 1144832K
  class space    used 13124K, capacity 14431K, committed 14464K, reserved 1048576K
GC Heap History (10 events):
Event: 1804.363 GC heap before
{Heap before GC invocations=34 (full 4):
 PSYoungGen      total 319488K, used 319480K [0x00000000d5580000, 0x00000000ec100000, 0x0000000100000000)
  eden space 290304K, 100% used [0x00000000d5580000,0x00000000e7100000,0x00000000e7100000)
  from space 29184K, 99% used [0x00000000e7100000,0x00000000e8d7e188,0x00000000e8d80000)
  to   space 36864K, 0% used [0x00000000e9d00000,0x00000000e9d00000,0x00000000ec100000)
 ParOldGen       total 215040K, used 67503K [0x0000000080000000, 0x000000008d200000, 0x00000000d5580000)
  object space 215040K, 31% used [0x0000000080000000,0x00000000841ebd18,0x000000008d200000)
 Metaspace       used 97986K, capacity 104197K, committed 104536K, reserved 1140736K
  class space    used 12572K, capacity 13617K, committed 13696K, reserved 1048576K
Event: 1804.540 GC heap after
Heap after GC invocations=34 (full 4):
 PSYoungGen      total 325632K, used 36832K [0x00000000d5580000, 0x00000000ed480000, 0x0000000100000000)
  eden space 288768K, 0% used [0x00000000d5580000,0x00000000d5580000,0x00000000e6f80000)
  from space 36864K, 99% used [0x00000000e9d00000,0x00000000ec0f82a0,0x00000000ec100000)
  to   space 46592K, 0% used [0x00000000e6f80000,0x00000000e6f80000,0x00000000e9d00000)
 ParOldGen       total 215040K, used 78791K [0x0000000080000000, 0x000000008d200000, 0x00000000d5580000)
  object space 215040K, 36% used [0x0000000080000000,0x0000000084cf1c50,0x000000008d200000)
 Metaspace       used 97986K, capacity 104197K, committed 104536K, reserved 1140736K
  class space    used 12572K, capacity 13617K, committed 13696K, reserved 1048576K
}
Event: 1831.741 GC heap before
{Heap before GC invocations=35 (full 4):
 PSYoungGen      total 325632K, used 325600K [0x00000000d5580000, 0x00000000ed480000, 0x0000000100000000)
  eden space 288768K, 100% used [0x00000000d5580000,0x00000000e6f80000,0x00000000e6f80000)
  from space 36864K, 99% used [0x00000000e9d00000,0x00000000ec0f82a0,0x00000000ec100000)
  to   space 46592K, 0% used [0x00000000e6f80000,0x00000000e6f80000,0x00000000e9d00000)
 ParOldGen       total 215040K, used 78791K [0x0000000080000000, 0x000000008d200000, 0x00000000d5580000)
  object space 215040K, 36% used [0x0000000080000000,0x0000000084cf1c50,0x000000008d200000)
 Metaspace       used 98057K, capacity 104201K, committed 104536K, reserved 1140736K
  class space    used 12572K, capacity 13617K, committed 13696K, reserved 1048576K
Event: 1831.852 GC heap after
Heap after GC invocations=35 (full 4):
 PSYoungGen      total 335360K, used 42032K [0x00000000d5580000, 0x00000000ede80000, 0x0000000100000000)
  eden space 288768K, 0% used [0x00000000d5580000,0x00000000d5580000,0x00000000e6f80000)
  from space 46592K, 90% used [0x00000000e6f80000,0x00000000e988c2b0,0x00000000e9d00000)
  to   space 52224K, 0% used [0x00000000eab80000,0x00000000eab80000,0x00000000ede80000)
 ParOldGen       total 215040K, used 83882K [0x0000000080000000, 0x000000008d200000, 0x00000000d5580000)
  object space 215040K, 39% used [0x0000000080000000,0x00000000851ea870,0x000000008d200000)
 Metaspace       used 98057K, capacity 104201K, committed 104536K, reserved 1140736K
  class space    used 12572K, capacity 13617K, committed 13696K, reserved 1048576K
}
Event: 1885.064 GC heap before
{Heap before GC invocations=36 (full 4):
 PSYoungGen      total 335360K, used 330800K [0x00000000d5580000, 0x00000000ede80000, 0x0000000100000000)
  eden space 288768K, 100% used [0x00000000d5580000,0x00000000e6f80000,0x00000000e6f80000)
  from space 46592K, 90% used [0x00000000e6f80000,0x00000000e988c2b0,0x00000000e9d00000)
  to   space 52224K, 0% used [0x00000000eab80000,0x00000000eab80000,0x00000000ede80000)
 ParOldGen       total 215040K, used 83882K [0x0000000080000000, 0x000000008d200000, 0x00000000d5580000)
  object space 215040K, 39% used [0x0000000080000000,0x00000000851ea870,0x000000008d200000)
 Metaspace       used 98157K, capacity 104393K, committed 104536K, reserved 1140736K
  class space    used 12574K, capacity 13617K, committed 13696K, reserved 1048576K
Event: 1885.109 GC heap after
Heap after GC invocations=36 (full 4):
 PSYoungGen      total 345088K, used 44192K [0x00000000d5580000, 0x00000000ee700000, 0x0000000100000000)
  eden space 292864K, 0% used [0x00000000d5580000,0x00000000d5580000,0x00000000e7380000)
  from space 52224K, 84% used [0x00000000eab80000,0x00000000ed6a83a8,0x00000000ede80000)
  to   space 57344K, 0% used [0x00000000e7380000,0x00000000e7380000,0x00000000eab80000)
 ParOldGen       total 215040K, used 83882K [0x0000000080000000, 0x000000008d200000, 0x00000000d5580000)
  object space 215040K, 39% used [0x0000000080000000,0x00000000851ea870,0x000000008d200000)
 Metaspace       used 98157K, capacity 104393K, committed 104536K, reserved 1140736K
  class space    used 12574K, capacity 13617K, committed 13696K, reserved 1048576K
}
Event: 1910.110 GC heap before
{Heap before GC invocations=37 (full 4):
 PSYoungGen      total 345088K, used 337052K [0x00000000d5580000, 0x00000000ee700000, 0x0000000100000000)
  eden space 292864K, 99% used [0x00000000d5580000,0x00000000e737ef70,0x00000000e7380000)
  from space 52224K, 84% used [0x00000000eab80000,0x00000000ed6a83a8,0x00000000ede80000)
  to   space 57344K, 0% used [0x00000000e7380000,0x00000000e7380000,0x00000000eab80000)
 ParOldGen       total 215040K, used 83882K [0x0000000080000000, 0x000000008d200000, 0x00000000d5580000)
  object space 215040K, 39% used [0x0000000080000000,0x00000000851ea870,0x000000008d200000)
 Metaspace       used 98388K, capacity 104661K, committed 104792K, reserved 1140736K
  class space    used 12580K, capacity 13627K, committed 13696K, reserved 1048576K
Event: 1910.189 GC heap after
Heap after GC invocations=37 (full 4):
 PSYoungGen      total 350208K, used 43806K [0x00000000d5580000, 0x00000000ee700000, 0x0000000100000000)
  eden space 292864K, 0% used [0x00000000d5580000,0x00000000d5580000,0x00000000e7380000)
  from space 57344K, 76% used [0x00000000e7380000,0x00000000e9e47b00,0x00000000eab80000)
  to   space 52224K, 0% used [0x00000000eab80000,0x00000000eab80000,0x00000000ede80000)
 ParOldGen       total 215040K, used 83882K [0x0000000080000000, 0x000000008d200000, 0x00000000d5580000)
  object space 215040K, 39% used [0x0000000080000000,0x00000000851ea870,0x000000008d200000)
 Metaspace       used 98388K, capacity 104661K, committed 104792K, reserved 1140736K
  class space    used 12580K, capacity 13627K, committed 13696K, reserved 1048576K
}
Event: 1972.273 GC heap before
{Heap before GC invocations=38 (full 4):
 PSYoungGen      total 350208K, used 336670K [0x00000000d5580000, 0x00000000ee700000, 0x0000000100000000)
  eden space 292864K, 100% used [0x00000000d5580000,0x00000000e7380000,0x00000000e7380000)
  from space 57344K, 76% used [0x00000000e7380000,0x00000000e9e47b00,0x00000000eab80000)
  to   space 52224K, 0% used [0x00000000eab80000,0x00000000eab80000,0x00000000ede80000)
 ParOldGen       total 215040K, used 83882K [0x0000000080000000, 0x000000008d200000, 0x00000000d5580000)
  object space 215040K, 39% used [0x0000000080000000,0x00000000851ea870,0x000000008d200000)
 Metaspace       used 99773K, capacity 107605K, committed 107864K, reserved 1142784K
  class space    used 12840K, capacity 14107K, committed 14208K, reserved 1048576K
Event: 1972.316 GC heap after
Heap after GC invocations=38 (full 4):
 PSYoungGen      total 340480K, used 38000K [0x00000000d5580000, 0x00000000ef200000, 0x0000000100000000)
  eden space 288256K, 0% used [0x00000000d5580000,0x00000000d5580000,0x00000000e6f00000)
  from space 52224K, 72% used [0x00000000eab80000,0x00000000ed09c270,0x00000000ede80000)
  to   space 61952K, 0% used [0x00000000e6f00000,0x00000000e6f00000,0x00000000eab80000)
 ParOldGen       total 215040K, used 83882K [0x0000000080000000, 0x000000008d200000, 0x00000000d5580000)
  object space 215040K, 39% used [0x0000000080000000,0x00000000851ea870,0x000000008d200000)
 Metaspace       used 99773K, capacity 107605K, committed 107864K, reserved 1142784K
  class space    used 12840K, capacity 14107K, committed 14208K, reserved 1048576K
}

