# JRE version: OpenJDK Runtime Environment (8.0_242-b01) (build 1.8.0_242-release-1644-b01)
# Java VM: OpenJDK 64-Bit Server VM (25.242-b01 mixed mode windows-amd64 compressed oops)
Heap:
 PSYoungGen      total 152576K, used 69673K [0x00000000d5580000, 0x00000000e1a00000, 0x0000000100000000)
  eden space 143872K, 42% used [0x00000000d5580000,0x00000000d910e6a0,0x00000000de200000)
  from space 8704K, 99% used [0x00000000df380000,0x00000000dfbfc010,0x00000000dfc00000)
  to   space 17920K, 0% used [0x00000000de200000,0x00000000de200000,0x00000000df380000)
 ParOldGen       total 132608K, used 39560K [0x0000000080000000, 0x0000000088180000, 0x00000000d5580000)
  object space 132608K, 29% used [0x0000000080000000,0x00000000826a2280,0x0000000088180000)
 Metaspace       used 59899K, capacity 62218K, committed 62424K, reserved 1105920K
  class space    used 7916K, capacity 8408K, committed 8448K, reserved 1048576K
GC Heap History (10 events):
Event: 15.979 GC heap before
{Heap before GC invocations=11 (full 2):
 PSYoungGen      total 116736K, used 8011K [0x00000000d5580000, 0x00000000dff00000, 0x0000000100000000)
  eden space 104960K, 0% used [0x00000000d5580000,0x00000000d5580000,0x00000000dbc00000)
  from space 11776K, 68% used [0x00000000dbc00000,0x00000000dc3d2e40,0x00000000dc780000)
  to   space 11776K, 0% used [0x00000000df380000,0x00000000df380000,0x00000000dff00000)
 ParOldGen       total 58880K, used 9089K [0x0000000080000000, 0x0000000083980000, 0x00000000d5580000)
  object space 58880K, 15% used [0x0000000080000000,0x00000000808e06c0,0x0000000083980000)
 Metaspace       used 34251K, capacity 35390K, committed 35416K, reserved 1079296K
  class space    used 4699K, capacity 4971K, committed 4992K, reserved 1048576K
Event: 16.072 GC heap after
Heap after GC invocations=11 (full 2):
 PSYoungGen      total 116736K, used 0K [0x00000000d5580000, 0x00000000dff00000, 0x0000000100000000)
  eden space 104960K, 0% used [0x00000000d5580000,0x00000000d5580000,0x00000000dbc00000)
  from space 11776K, 0% used [0x00000000dbc00000,0x00000000dbc00000,0x00000000dc780000)
  to   space 11776K, 0% used [0x00000000df380000,0x00000000df380000,0x00000000dff00000)
 ParOldGen       total 83456K, used 14528K [0x0000000080000000, 0x0000000085180000, 0x00000000d5580000)
  object space 83456K, 17% used [0x0000000080000000,0x0000000080e30148,0x0000000085180000)
 Metaspace       used 34251K, capacity 35390K, committed 35416K, reserved 1079296K
  class space    used 4699K, capacity 4971K, committed 4992K, reserved 1048576K
}
Event: 18.176 GC heap before
{Heap before GC invocations=12 (full 2):
 PSYoungGen      total 116736K, used 104960K [0x00000000d5580000, 0x00000000dff00000, 0x0000000100000000)
  eden space 104960K, 100% used [0x00000000d5580000,0x00000000dbc00000,0x00000000dbc00000)
  from space 11776K, 0% used [0x00000000dbc00000,0x00000000dbc00000,0x00000000dc780000)
  to   space 11776K, 0% used [0x00000000df380000,0x00000000df380000,0x00000000dff00000)
 ParOldGen       total 83456K, used 14528K [0x0000000080000000, 0x0000000085180000, 0x00000000d5580000)
  object space 83456K, 17% used [0x0000000080000000,0x0000000080e30148,0x0000000085180000)
 Metaspace       used 37164K, capacity 38784K, committed 39000K, reserved 1083392K
  class space    used 5099K, capacity 5463K, committed 5504K, reserved 1048576K
Event: 18.199 GC heap after
Heap after GC invocations=12 (full 2):
 PSYoungGen      total 149504K, used 8365K [0x00000000d5580000, 0x00000000dfc00000, 0x0000000100000000)
  eden space 140800K, 0% used [0x00000000d5580000,0x00000000d5580000,0x00000000ddf00000)
  from space 8704K, 96% used [0x00000000df380000,0x00000000dfbab448,0x00000000dfc00000)
  to   space 11776K, 0% used [0x00000000de500000,0x00000000de500000,0x00000000df080000)
 ParOldGen       total 83456K, used 14536K [0x0000000080000000, 0x0000000085180000, 0x00000000d5580000)
  object space 83456K, 17% used [0x0000000080000000,0x0000000080e32148,0x0000000085180000)
 Metaspace       used 37164K, capacity 38784K, committed 39000K, reserved 1083392K
  class space    used 5099K, capacity 5463K, committed 5504K, reserved 1048576K
}
Event: 21.330 GC heap before
{Heap before GC invocations=13 (full 2):
 PSYoungGen      total 149504K, used 120889K [0x00000000d5580000, 0x00000000dfc00000, 0x0000000100000000)
  eden space 140800K, 79% used [0x00000000d5580000,0x00000000dc363340,0x00000000ddf00000)
  from space 8704K, 96% used [0x00000000df380000,0x00000000dfbab448,0x00000000dfc00000)
  to   space 11776K, 0% used [0x00000000de500000,0x00000000de500000,0x00000000df080000)
 ParOldGen       total 83456K, used 14536K [0x0000000080000000, 0x0000000085180000, 0x00000000d5580000)
  object space 83456K, 17% used [0x0000000080000000,0x0000000080e32148,0x0000000085180000)
 Metaspace       used 48444K, capacity 50348K, committed 50520K, reserved 1097728K
  class space    used 6502K, capacity 6921K, committed 7040K, reserved 1048576K
Event: 21.421 GC heap after
Heap after GC invocations=13 (full 2):
 PSYoungGen      total 152576K, used 11748K [0x00000000d5580000, 0x00000000dfc00000, 0x0000000100000000)
  eden space 140800K, 0% used [0x00000000d5580000,0x00000000d5580000,0x00000000ddf00000)
  from space 11776K, 99% used [0x00000000de500000,0x00000000df079210,0x00000000df080000)
  to   space 8704K, 0% used [0x00000000df380000,0x00000000df380000,0x00000000dfc00000)
 ParOldGen       total 83456K, used 24493K [0x0000000080000000, 0x0000000085180000, 0x00000000d5580000)
  object space 83456K, 29% used [0x0000000080000000,0x00000000817eb618,0x0000000085180000)
 Metaspace       used 48444K, capacity 50348K, committed 50520K, reserved 1097728K
  class space    used 6502K, capacity 6921K, committed 7040K, reserved 1048576K
}
Event: 21.421 GC heap before
{Heap before GC invocations=14 (full 3):
 PSYoungGen      total 152576K, used 11748K [0x00000000d5580000, 0x00000000dfc00000, 0x0000000100000000)
  eden space 140800K, 0% used [0x00000000d5580000,0x00000000d5580000,0x00000000ddf00000)
  from space 11776K, 99% used [0x00000000de500000,0x00000000df079210,0x00000000df080000)
  to   space 8704K, 0% used [0x00000000df380000,0x00000000df380000,0x00000000dfc00000)
 ParOldGen       total 83456K, used 24493K [0x0000000080000000, 0x0000000085180000, 0x00000000d5580000)
  object space 83456K, 29% used [0x0000000080000000,0x00000000817eb618,0x0000000085180000)
 Metaspace       used 48444K, capacity 50348K, committed 50520K, reserved 1097728K
  class space    used 6502K, capacity 6921K, committed 7040K, reserved 1048576K
Event: 21.841 GC heap after
Heap after GC invocations=14 (full 3):
 PSYoungGen      total 152576K, used 0K [0x00000000d5580000, 0x00000000dfc00000, 0x0000000100000000)
  eden space 140800K, 0% used [0x00000000d5580000,0x00000000d5580000,0x00000000ddf00000)
  from space 11776K, 0% used [0x00000000de500000,0x00000000de500000,0x00000000df080000)
  to   space 8704K, 0% used [0x00000000df380000,0x00000000df380000,0x00000000dfc00000)
 ParOldGen       total 132608K, used 33530K [0x0000000080000000, 0x0000000088180000, 0x00000000d5580000)
  object space 132608K, 25% used [0x0000000080000000,0x00000000820be8b0,0x0000000088180000)
 Metaspace       used 48426K, capacity 50288K, committed 50520K, reserved 1095680K
  class space    used 6497K, capacity 6911K, committed 7040K, reserved 1048576K
}
Event: 25.477 GC heap before
{Heap before GC invocations=15 (full 3):
 PSYoungGen      total 152576K, used 140800K [0x00000000d5580000, 0x00000000dfc00000, 0x0000000100000000)
  eden space 140800K, 100% used [0x00000000d5580000,0x00000000ddf00000,0x00000000ddf00000)
  from space 11776K, 0% used [0x00000000de500000,0x00000000de500000,0x00000000df080000)
  to   space 8704K, 0% used [0x00000000df380000,0x00000000df380000,0x00000000dfc00000)
 ParOldGen       total 132608K, used 33530K [0x0000000080000000, 0x0000000088180000, 0x00000000d5580000)
  object space 132608K, 25% used [0x0000000080000000,0x00000000820be8b0,0x0000000088180000)
 Metaspace       used 56597K, capacity 58860K, committed 59096K, reserved 1101824K
  class space    used 7687K, capacity 8191K, committed 8192K, reserved 1048576K
Event: 25.508 GC heap after
Heap after GC invocations=15 (full 3):
 PSYoungGen      total 152576K, used 8688K [0x00000000d5580000, 0x00000000e1a00000, 0x0000000100000000)
  eden space 143872K, 0% used [0x00000000d5580000,0x00000000d5580000,0x00000000de200000)
  from space 8704K, 99% used [0x00000000df380000,0x00000000dfbfc010,0x00000000dfc00000)
  to   space 17920K, 0% used [0x00000000de200000,0x00000000de200000,0x00000000df380000)
 ParOldGen       total 132608K, used 39560K [0x0000000080000000, 0x0000000088180000, 0x00000000d5580000)
  object space 132608K, 29% used [0x0000000080000000,0x00000000826a2280,0x0000000088180000)
 Metaspace       used 56597K, capacity 58860K, committed 59096K, reserved 1101824K
  class space    used 7687K, capacity 8191K, committed 8192K, reserved 1048576K
}

