# JRE version: OpenJDK Runtime Environment (8.0_242-b01) (build 1.8.0_242-release-1644-b01)
# Java VM: OpenJDK 64-Bit Server VM (25.242-b01 mixed mode windows-amd64 compressed oops)
Heap:
 PSYoungGen      total 262656K, used 61819K [0x00000000d5580000, 0x00000000e9980000, 0x0000000100000000)
  eden space 222720K, 27% used [0x00000000d5580000,0x00000000d91deec8,0x00000000e2f00000)
  from space 39936K, 0% used [0x00000000e7280000,0x00000000e7280000,0x00000000e9980000)
  to   space 35328K, 0% used [0x00000000e2f00000,0x00000000e2f00000,0x00000000e5180000)
 ParOldGen       total 151552K, used 123357K [0x0000000080000000, 0x0000000089400000, 0x00000000d5580000)
  object space 151552K, 81% used [0x0000000080000000,0x0000000087877610,0x0000000089400000)
 Metaspace       used 88562K, capacity 93100K, committed 93912K, reserved 1130496K
  class space    used 11699K, capacity 12542K, committed 12800K, reserved 1048576K
GC Heap History (10 events):
Event: 45.035 GC heap before
{Heap before GC invocations=18 (full 3):
 PSYoungGen      total 210432K, used 208844K [0x00000000d5580000, 0x00000000e3f00000, 0x0000000100000000)
  eden space 188416K, 100% used [0x00000000d5580000,0x00000000e0d80000,0x00000000e0d80000)
  from space 22016K, 92% used [0x00000000e2580000,0x00000000e3973218,0x00000000e3b00000)
  to   space 24576K, 0% used [0x00000000e0d80000,0x00000000e0d80000,0x00000000e2580000)
 ParOldGen       total 151552K, used 44847K [0x0000000080000000, 0x0000000089400000, 0x00000000d5580000)
  object space 151552K, 29% used [0x0000000080000000,0x0000000082bcbe88,0x0000000089400000)
 Metaspace       used 72621K, capacity 75850K, committed 75992K, reserved 1116160K
  class space    used 9592K, capacity 10211K, committed 10240K, reserved 1048576K
Event: 45.101 GC heap after
Heap after GC invocations=18 (full 3):
 PSYoungGen      total 212992K, used 24546K [0x00000000d5580000, 0x00000000e7480000, 0x0000000100000000)
  eden space 188416K, 0% used [0x00000000d5580000,0x00000000d5580000,0x00000000e0d80000)
  from space 24576K, 99% used [0x00000000e0d80000,0x00000000e2578970,0x00000000e2580000)
  to   space 35840K, 0% used [0x00000000e5180000,0x00000000e5180000,0x00000000e7480000)
 ParOldGen       total 151552K, used 66286K [0x0000000080000000, 0x0000000089400000, 0x00000000d5580000)
  object space 151552K, 43% used [0x0000000080000000,0x00000000840bbbc0,0x0000000089400000)
 Metaspace       used 72621K, capacity 75850K, committed 75992K, reserved 1116160K
  class space    used 9592K, capacity 10211K, committed 10240K, reserved 1048576K
}
Event: 48.768 GC heap before
{Heap before GC invocations=19 (full 3):
 PSYoungGen      total 212992K, used 212962K [0x00000000d5580000, 0x00000000e7480000, 0x0000000100000000)
  eden space 188416K, 100% used [0x00000000d5580000,0x00000000e0d80000,0x00000000e0d80000)
  from space 24576K, 99% used [0x00000000e0d80000,0x00000000e2578970,0x00000000e2580000)
  to   space 35840K, 0% used [0x00000000e5180000,0x00000000e5180000,0x00000000e7480000)
 ParOldGen       total 151552K, used 66286K [0x0000000080000000, 0x0000000089400000, 0x00000000d5580000)
  object space 151552K, 43% used [0x0000000080000000,0x00000000840bbbc0,0x0000000089400000)
 Metaspace       used 77310K, capacity 80756K, committed 80984K, reserved 1120256K
  class space    used 10174K, capacity 10856K, committed 10880K, reserved 1048576K
Event: 48.827 GC heap after
Heap after GC invocations=19 (full 3):
 PSYoungGen      total 258048K, used 19375K [0x00000000d5580000, 0x00000000e7400000, 0x0000000100000000)
  eden space 222720K, 0% used [0x00000000d5580000,0x00000000d5580000,0x00000000e2f00000)
  from space 35328K, 54% used [0x00000000e5180000,0x00000000e646be50,0x00000000e7400000)
  to   space 35328K, 0% used [0x00000000e2f00000,0x00000000e2f00000,0x00000000e5180000)
 ParOldGen       total 151552K, used 79437K [0x0000000080000000, 0x0000000089400000, 0x00000000d5580000)
  object space 151552K, 52% used [0x0000000080000000,0x0000000084d93480,0x0000000089400000)
 Metaspace       used 77310K, capacity 80756K, committed 80984K, reserved 1120256K
  class space    used 10174K, capacity 10856K, committed 10880K, reserved 1048576K
}
Event: 51.713 GC heap before
{Heap before GC invocations=20 (full 3):
 PSYoungGen      total 258048K, used 242095K [0x00000000d5580000, 0x00000000e7400000, 0x0000000100000000)
  eden space 222720K, 100% used [0x00000000d5580000,0x00000000e2f00000,0x00000000e2f00000)
  from space 35328K, 54% used [0x00000000e5180000,0x00000000e646be50,0x00000000e7400000)
  to   space 35328K, 0% used [0x00000000e2f00000,0x00000000e2f00000,0x00000000e5180000)
 ParOldGen       total 151552K, used 79437K [0x0000000080000000, 0x0000000089400000, 0x00000000d5580000)
  object space 151552K, 52% used [0x0000000080000000,0x0000000084d93480,0x0000000089400000)
 Metaspace       used 86010K, capacity 90254K, committed 90328K, reserved 1128448K
  class space    used 11447K, capacity 12279K, committed 12288K, reserved 1048576K
Event: 51.779 GC heap after
Heap after GC invocations=20 (full 3):
 PSYoungGen      total 258048K, used 33291K [0x00000000d5580000, 0x00000000e9980000, 0x0000000100000000)
  eden space 222720K, 0% used [0x00000000d5580000,0x00000000d5580000,0x00000000e2f00000)
  from space 35328K, 94% used [0x00000000e2f00000,0x00000000e4f82e40,0x00000000e5180000)
  to   space 39936K, 0% used [0x00000000e7280000,0x00000000e7280000,0x00000000e9980000)
 ParOldGen       total 151552K, used 79437K [0x0000000080000000, 0x0000000089400000, 0x00000000d5580000)
  object space 151552K, 52% used [0x0000000080000000,0x0000000084d93480,0x0000000089400000)
 Metaspace       used 86010K, capacity 90254K, committed 90328K, reserved 1128448K
  class space    used 11447K, capacity 12279K, committed 12288K, reserved 1048576K
}
Event: 54.467 GC heap before
{Heap before GC invocations=21 (full 3):
 PSYoungGen      total 258048K, used 256011K [0x00000000d5580000, 0x00000000e9980000, 0x0000000100000000)
  eden space 222720K, 100% used [0x00000000d5580000,0x00000000e2f00000,0x00000000e2f00000)
  from space 35328K, 94% used [0x00000000e2f00000,0x00000000e4f82e40,0x00000000e5180000)
  to   space 39936K, 0% used [0x00000000e7280000,0x00000000e7280000,0x00000000e9980000)
 ParOldGen       total 151552K, used 79437K [0x0000000080000000, 0x0000000089400000, 0x00000000d5580000)
  object space 151552K, 52% used [0x0000000080000000,0x0000000084d93480,0x0000000089400000)
 Metaspace       used 88771K, capacity 93724K, committed 93912K, reserved 1130496K
  class space    used 11782K, capacity 12690K, committed 12800K, reserved 1048576K
Event: 54.688 GC heap after
Heap after GC invocations=21 (full 3):
 PSYoungGen      total 262656K, used 39929K [0x00000000d5580000, 0x00000000e9980000, 0x0000000100000000)
  eden space 222720K, 0% used [0x00000000d5580000,0x00000000d5580000,0x00000000e2f00000)
  from space 39936K, 99% used [0x00000000e7280000,0x00000000e997e418,0x00000000e9980000)
  to   space 35328K, 0% used [0x00000000e2f00000,0x00000000e2f00000,0x00000000e5180000)
 ParOldGen       total 151552K, used 124845K [0x0000000080000000, 0x0000000089400000, 0x00000000d5580000)
  object space 151552K, 82% used [0x0000000080000000,0x00000000879eb468,0x0000000089400000)
 Metaspace       used 88771K, capacity 93724K, committed 93912K, reserved 1130496K
  class space    used 11782K, capacity 12690K, committed 12800K, reserved 1048576K
}
Event: 54.689 GC heap before
{Heap before GC invocations=22 (full 4):
 PSYoungGen      total 262656K, used 39929K [0x00000000d5580000, 0x00000000e9980000, 0x0000000100000000)
  eden space 222720K, 0% used [0x00000000d5580000,0x00000000d5580000,0x00000000e2f00000)
  from space 39936K, 99% used [0x00000000e7280000,0x00000000e997e418,0x00000000e9980000)
  to   space 35328K, 0% used [0x00000000e2f00000,0x00000000e2f00000,0x00000000e5180000)
 ParOldGen       total 151552K, used 124845K [0x0000000080000000, 0x0000000089400000, 0x00000000d5580000)
  object space 151552K, 82% used [0x0000000080000000,0x00000000879eb468,0x0000000089400000)
 Metaspace       used 88771K, capacity 93724K, committed 93912K, reserved 1130496K
  class space    used 11782K, capacity 12690K, committed 12800K, reserved 1048576K
Event: 56.309 GC heap after
Heap after GC invocations=22 (full 4):
 PSYoungGen      total 262656K, used 0K [0x00000000d5580000, 0x00000000e9980000, 0x0000000100000000)
  eden space 222720K, 0% used [0x00000000d5580000,0x00000000d5580000,0x00000000e2f00000)
  from space 39936K, 0% used [0x00000000e7280000,0x00000000e7280000,0x00000000e9980000)
  to   space 35328K, 0% used [0x00000000e2f00000,0x00000000e2f00000,0x00000000e5180000)
 ParOldGen       total 151552K, used 123357K [0x0000000080000000, 0x0000000089400000, 0x00000000d5580000)
  object space 151552K, 81% used [0x0000000080000000,0x0000000087877610,0x0000000089400000)
 Metaspace       used 88532K, capacity 93100K, committed 93912K, reserved 1130496K
  class space    used 11698K, capacity 12542K, committed 12800K, reserved 1048576K
}

