# JRE version: OpenJDK Runtime Environment (8.0_242-b01) (build 1.8.0_242-release-1644-b01)
# Java VM: OpenJDK 64-Bit Server VM (25.242-b01 mixed mode windows-amd64 compressed oops)
Heap:
 PSYoungGen      total 261120K, used 156152K [0x00000000d5580000, 0x00000000ea780000, 0x0000000100000000)
  eden space 231936K, 54% used [0x00000000d5580000,0x00000000dd185ae0,0x00000000e3800000)
  from space 29184K, 99% used [0x00000000e3800000,0x00000000e5478690,0x00000000e5480000)
  to   space 36864K, 0% used [0x00000000e8380000,0x00000000e8380000,0x00000000ea780000)
 ParOldGen       total 148992K, used 43694K [0x0000000080000000, 0x0000000089180000, 0x00000000d5580000)
  object space 148992K, 29% used [0x0000000080000000,0x0000000082aab8d8,0x0000000089180000)
 Metaspace       used 86722K, capacity 90848K, committed 90968K, reserved 1128448K
  class space    used 11487K, capacity 12339K, committed 12416K, reserved 1048576K
GC Heap History (10 events):
Event: 11.424 GC heap before
{Heap before GC invocations=12 (full 2):
 PSYoungGen      total 179712K, used 69177K [0x00000000d5580000, 0x00000000e3e00000, 0x0000000100000000)
  eden space 164352K, 32% used [0x00000000d5580000,0x00000000d8a10f30,0x00000000df600000)
  from space 15360K, 99% used [0x00000000df600000,0x00000000e04fd740,0x00000000e0500000)
  to   space 21504K, 0% used [0x00000000e2900000,0x00000000e2900000,0x00000000e3e00000)
 ParOldGen       total 101888K, used 28076K [0x0000000080000000, 0x0000000086380000, 0x00000000d5580000)
  object space 101888K, 27% used [0x0000000080000000,0x0000000081b6b330,0x0000000086380000)
 Metaspace       used 56550K, capacity 58940K, committed 59096K, reserved 1099776K
  class space    used 7437K, capacity 7915K, committed 7936K, reserved 1048576K
Event: 11.457 GC heap after
Heap after GC invocations=12 (full 2):
 PSYoungGen      total 214016K, used 19573K [0x00000000d5580000, 0x00000000e4f80000, 0x0000000100000000)
  eden space 192512K, 0% used [0x00000000d5580000,0x00000000d5580000,0x00000000e1180000)
  from space 21504K, 91% used [0x00000000e2900000,0x00000000e3c1d4b8,0x00000000e3e00000)
  to   space 24064K, 0% used [0x00000000e1180000,0x00000000e1180000,0x00000000e2900000)
 ParOldGen       total 101888K, used 28148K [0x0000000080000000, 0x0000000086380000, 0x00000000d5580000)
  object space 101888K, 27% used [0x0000000080000000,0x0000000081b7d340,0x0000000086380000)
 Metaspace       used 56550K, capacity 58940K, committed 59096K, reserved 1099776K
  class space    used 7437K, capacity 7915K, committed 7936K, reserved 1048576K
}
Event: 11.457 GC heap before
{Heap before GC invocations=13 (full 3):
 PSYoungGen      total 214016K, used 19573K [0x00000000d5580000, 0x00000000e4f80000, 0x0000000100000000)
  eden space 192512K, 0% used [0x00000000d5580000,0x00000000d5580000,0x00000000e1180000)
  from space 21504K, 91% used [0x00000000e2900000,0x00000000e3c1d4b8,0x00000000e3e00000)
  to   space 24064K, 0% used [0x00000000e1180000,0x00000000e1180000,0x00000000e2900000)
 ParOldGen       total 101888K, used 28148K [0x0000000080000000, 0x0000000086380000, 0x00000000d5580000)
  object space 101888K, 27% used [0x0000000080000000,0x0000000081b7d340,0x0000000086380000)
 Metaspace       used 56550K, capacity 58940K, committed 59096K, reserved 1099776K
  class space    used 7437K, capacity 7915K, committed 7936K, reserved 1048576K
Event: 11.718 GC heap after
Heap after GC invocations=13 (full 3):
 PSYoungGen      total 214016K, used 0K [0x00000000d5580000, 0x00000000e4f80000, 0x0000000100000000)
  eden space 192512K, 0% used [0x00000000d5580000,0x00000000d5580000,0x00000000e1180000)
  from space 21504K, 0% used [0x00000000e2900000,0x00000000e2900000,0x00000000e3e00000)
  to   space 24064K, 0% used [0x00000000e1180000,0x00000000e1180000,0x00000000e2900000)
 ParOldGen       total 148992K, used 33309K [0x0000000080000000, 0x0000000089180000, 0x00000000d5580000)
  object space 148992K, 22% used [0x0000000080000000,0x0000000082087728,0x0000000089180000)
 Metaspace       used 56502K, capacity 58830K, committed 59096K, reserved 1099776K
  class space    used 7426K, capacity 7902K, committed 7936K, reserved 1048576K
}
Event: 14.701 GC heap before
{Heap before GC invocations=14 (full 3):
 PSYoungGen      total 214016K, used 192512K [0x00000000d5580000, 0x00000000e4f80000, 0x0000000100000000)
  eden space 192512K, 100% used [0x00000000d5580000,0x00000000e1180000,0x00000000e1180000)
  from space 21504K, 0% used [0x00000000e2900000,0x00000000e2900000,0x00000000e3e00000)
  to   space 24064K, 0% used [0x00000000e1180000,0x00000000e1180000,0x00000000e2900000)
 ParOldGen       total 148992K, used 33309K [0x0000000080000000, 0x0000000089180000, 0x00000000d5580000)
  object space 148992K, 22% used [0x0000000080000000,0x0000000082087728,0x0000000089180000)
 Metaspace       used 67235K, capacity 70128K, committed 70360K, reserved 1110016K
  class space    used 9138K, capacity 9727K, committed 9728K, reserved 1048576K
Event: 14.760 GC heap after
Heap after GC invocations=14 (full 3):
 PSYoungGen      total 216576K, used 17494K [0x00000000d5580000, 0x00000000e6d00000, 0x0000000100000000)
  eden space 192512K, 0% used [0x00000000d5580000,0x00000000d5580000,0x00000000e1180000)
  from space 24064K, 72% used [0x00000000e1180000,0x00000000e2295860,0x00000000e2900000)
  to   space 25088K, 0% used [0x00000000e5480000,0x00000000e5480000,0x00000000e6d00000)
 ParOldGen       total 148992K, used 33317K [0x0000000080000000, 0x0000000089180000, 0x00000000d5580000)
  object space 148992K, 22% used [0x0000000080000000,0x0000000082089728,0x0000000089180000)
 Metaspace       used 67235K, capacity 70128K, committed 70360K, reserved 1110016K
  class space    used 9138K, capacity 9727K, committed 9728K, reserved 1048576K
}
Event: 18.813 GC heap before
{Heap before GC invocations=15 (full 3):
 PSYoungGen      total 216576K, used 210006K [0x00000000d5580000, 0x00000000e6d00000, 0x0000000100000000)
  eden space 192512K, 100% used [0x00000000d5580000,0x00000000e1180000,0x00000000e1180000)
  from space 24064K, 72% used [0x00000000e1180000,0x00000000e2295860,0x00000000e2900000)
  to   space 25088K, 0% used [0x00000000e5480000,0x00000000e5480000,0x00000000e6d00000)
 ParOldGen       total 148992K, used 33317K [0x0000000080000000, 0x0000000089180000, 0x00000000d5580000)
  object space 148992K, 22% used [0x0000000080000000,0x0000000082089728,0x0000000089180000)
 Metaspace       used 74606K, capacity 78096K, committed 78168K, reserved 1116160K
  class space    used 10120K, capacity 10834K, committed 10880K, reserved 1048576K
Event: 18.868 GC heap after
Heap after GC invocations=15 (full 3):
 PSYoungGen      total 257024K, used 25058K [0x00000000d5580000, 0x00000000e7280000, 0x0000000100000000)
  eden space 231936K, 0% used [0x00000000d5580000,0x00000000d5580000,0x00000000e3800000)
  from space 25088K, 99% used [0x00000000e5480000,0x00000000e6cf8ad0,0x00000000e6d00000)
  to   space 29184K, 0% used [0x00000000e3800000,0x00000000e3800000,0x00000000e5480000)
 ParOldGen       total 148992K, used 34571K [0x0000000080000000, 0x0000000089180000, 0x00000000d5580000)
  object space 148992K, 23% used [0x0000000080000000,0x00000000821c2e20,0x0000000089180000)
 Metaspace       used 74606K, capacity 78096K, committed 78168K, reserved 1116160K
  class space    used 10120K, capacity 10834K, committed 10880K, reserved 1048576K
}
Event: 1148.631 GC heap before
{Heap before GC invocations=16 (full 3):
 PSYoungGen      total 257024K, used 256994K [0x00000000d5580000, 0x00000000e7280000, 0x0000000100000000)
  eden space 231936K, 100% used [0x00000000d5580000,0x00000000e3800000,0x00000000e3800000)
  from space 25088K, 99% used [0x00000000e5480000,0x00000000e6cf8ad0,0x00000000e6d00000)
  to   space 29184K, 0% used [0x00000000e3800000,0x00000000e3800000,0x00000000e5480000)
 ParOldGen       total 148992K, used 34571K [0x0000000080000000, 0x0000000089180000, 0x00000000d5580000)
  object space 148992K, 23% used [0x0000000080000000,0x00000000821c2e20,0x0000000089180000)
 Metaspace       used 85292K, capacity 89444K, committed 89560K, reserved 1126400K
  class space    used 11356K, capacity 12221K, committed 12288K, reserved 1048576K
Event: 1149.028 GC heap after
Heap after GC invocations=16 (full 3):
 PSYoungGen      total 261120K, used 29153K [0x00000000d5580000, 0x00000000ea780000, 0x0000000100000000)
  eden space 231936K, 0% used [0x00000000d5580000,0x00000000d5580000,0x00000000e3800000)
  from space 29184K, 99% used [0x00000000e3800000,0x00000000e5478690,0x00000000e5480000)
  to   space 36864K, 0% used [0x00000000e8380000,0x00000000e8380000,0x00000000ea780000)
 ParOldGen       total 148992K, used 43694K [0x0000000080000000, 0x0000000089180000, 0x00000000d5580000)
  object space 148992K, 29% used [0x0000000080000000,0x0000000082aab8d8,0x0000000089180000)
 Metaspace       used 85292K, capacity 89444K, committed 89560K, reserved 1126400K
  class space    used 11356K, capacity 12221K, committed 12288K, reserved 1048576K
}

