# JRE version: OpenJDK Runtime Environment (8.0_242-b01) (build 1.8.0_242-release-1644-b01)
# Java VM: OpenJDK 64-Bit Server VM (25.242-b01 mixed mode windows-amd64 compressed oops)
Heap:
 PSYoungGen      total 203776K, used 182736K [0x00000000d5580000, 0x00000000e5c00000, 0x0000000100000000)
  eden space 175104K, 89% used [0x00000000d5580000,0x00000000def597e8,0x00000000e0080000)
  from space 28672K, 87% used [0x00000000e0080000,0x00000000e191a818,0x00000000e1c80000)
  to   space 31744K, 0% used [0x00000000e3d00000,0x00000000e3d00000,0x00000000e5c00000)
 ParOldGen       total 151552K, used 55287K [0x0000000080000000, 0x0000000089400000, 0x00000000d5580000)
  object space 151552K, 36% used [0x0000000080000000,0x00000000835fdf78,0x0000000089400000)
 Metaspace       used 75260K, capacity 79140K, committed 79448K, reserved 1118208K
  class space    used 10281K, capacity 11074K, committed 11136K, reserved 1048576K
GC Heap History (10 events):
Event: 14.466 GC heap before
{Heap before GC invocations=14 (full 2):
 PSYoungGen      total 143360K, used 130049K [0x00000000d5580000, 0x00000000e1080000, 0x0000000100000000)
  eden space 131584K, 89% used [0x00000000d5580000,0x00000000dc9013f8,0x00000000dd600000)
  from space 11776K, 99% used [0x00000000dd600000,0x00000000de17f320,0x00000000de180000)
  to   space 16896K, 0% used [0x00000000e0000000,0x00000000e0000000,0x00000000e1080000)
 ParOldGen       total 93696K, used 24307K [0x0000000080000000, 0x0000000085b80000, 0x00000000d5580000)
  object space 93696K, 25% used [0x0000000080000000,0x00000000817bcfd8,0x0000000085b80000)
 Metaspace       used 56563K, capacity 58864K, committed 58968K, reserved 1099776K
  class space    used 7721K, capacity 8254K, committed 8320K, reserved 1048576K
Event: 14.511 GC heap after
Heap after GC invocations=14 (full 2):
 PSYoungGen      total 169984K, used 16892K [0x00000000d5580000, 0x00000000e2380000, 0x0000000100000000)
  eden space 153088K, 0% used [0x00000000d5580000,0x00000000d5580000,0x00000000deb00000)
  from space 16896K, 99% used [0x00000000e0000000,0x00000000e107f320,0x00000000e1080000)
  to   space 21504K, 0% used [0x00000000deb00000,0x00000000deb00000,0x00000000e0000000)
 ParOldGen       total 93696K, used 31702K [0x0000000080000000, 0x0000000085b80000, 0x00000000d5580000)
  object space 93696K, 33% used [0x0000000080000000,0x0000000081ef5950,0x0000000085b80000)
 Metaspace       used 56563K, capacity 58864K, committed 58968K, reserved 1099776K
  class space    used 7721K, capacity 8254K, committed 8320K, reserved 1048576K
}
Event: 14.511 GC heap before
{Heap before GC invocations=15 (full 3):
 PSYoungGen      total 169984K, used 16892K [0x00000000d5580000, 0x00000000e2380000, 0x0000000100000000)
  eden space 153088K, 0% used [0x00000000d5580000,0x00000000d5580000,0x00000000deb00000)
  from space 16896K, 99% used [0x00000000e0000000,0x00000000e107f320,0x00000000e1080000)
  to   space 21504K, 0% used [0x00000000deb00000,0x00000000deb00000,0x00000000e0000000)
 ParOldGen       total 93696K, used 31702K [0x0000000080000000, 0x0000000085b80000, 0x00000000d5580000)
  object space 93696K, 33% used [0x0000000080000000,0x0000000081ef5950,0x0000000085b80000)
 Metaspace       used 56563K, capacity 58864K, committed 58968K, reserved 1099776K
  class space    used 7721K, capacity 8254K, committed 8320K, reserved 1048576K
Event: 14.872 GC heap after
Heap after GC invocations=15 (full 3):
 PSYoungGen      total 169984K, used 0K [0x00000000d5580000, 0x00000000e2380000, 0x0000000100000000)
  eden space 153088K, 0% used [0x00000000d5580000,0x00000000d5580000,0x00000000deb00000)
  from space 16896K, 0% used [0x00000000e0000000,0x00000000e0000000,0x00000000e1080000)
  to   space 21504K, 0% used [0x00000000deb00000,0x00000000deb00000,0x00000000e0000000)
 ParOldGen       total 151552K, used 37271K [0x0000000080000000, 0x0000000089400000, 0x00000000d5580000)
  object space 151552K, 24% used [0x0000000080000000,0x0000000082465f00,0x0000000089400000)
 Metaspace       used 56555K, capacity 58834K, committed 58968K, reserved 1099776K
  class space    used 7718K, capacity 8249K, committed 8320K, reserved 1048576K
}
Event: 18.344 GC heap before
{Heap before GC invocations=16 (full 3):
 PSYoungGen      total 169984K, used 153088K [0x00000000d5580000, 0x00000000e2380000, 0x0000000100000000)
  eden space 153088K, 100% used [0x00000000d5580000,0x00000000deb00000,0x00000000deb00000)
  from space 16896K, 0% used [0x00000000e0000000,0x00000000e0000000,0x00000000e1080000)
  to   space 21504K, 0% used [0x00000000deb00000,0x00000000deb00000,0x00000000e0000000)
 ParOldGen       total 151552K, used 37271K [0x0000000080000000, 0x0000000089400000, 0x00000000d5580000)
  object space 151552K, 24% used [0x0000000080000000,0x0000000082465f00,0x0000000089400000)
 Metaspace       used 63819K, capacity 66722K, committed 67032K, reserved 1107968K
  class space    used 8797K, capacity 9363K, committed 9472K, reserved 1048576K
Event: 18.367 GC heap after
Heap after GC invocations=16 (full 3):
 PSYoungGen      total 174592K, used 15202K [0x00000000d5580000, 0x00000000e3280000, 0x0000000100000000)
  eden space 153088K, 0% used [0x00000000d5580000,0x00000000d5580000,0x00000000deb00000)
  from space 21504K, 70% used [0x00000000deb00000,0x00000000df9d8b80,0x00000000e0000000)
  to   space 22528K, 0% used [0x00000000e1c80000,0x00000000e1c80000,0x00000000e3280000)
 ParOldGen       total 151552K, used 37279K [0x0000000080000000, 0x0000000089400000, 0x00000000d5580000)
  object space 151552K, 24% used [0x0000000080000000,0x0000000082467f00,0x0000000089400000)
 Metaspace       used 63819K, capacity 66722K, committed 67032K, reserved 1107968K
  class space    used 8797K, capacity 9363K, committed 9472K, reserved 1048576K
}
Event: 21.022 GC heap before
{Heap before GC invocations=17 (full 3):
 PSYoungGen      total 174592K, used 168290K [0x00000000d5580000, 0x00000000e3280000, 0x0000000100000000)
  eden space 153088K, 100% used [0x00000000d5580000,0x00000000deb00000,0x00000000deb00000)
  from space 21504K, 70% used [0x00000000deb00000,0x00000000df9d8b80,0x00000000e0000000)
  to   space 22528K, 0% used [0x00000000e1c80000,0x00000000e1c80000,0x00000000e3280000)
 ParOldGen       total 151552K, used 37279K [0x0000000080000000, 0x0000000089400000, 0x00000000d5580000)
  object space 151552K, 24% used [0x0000000080000000,0x0000000082467f00,0x0000000089400000)
 Metaspace       used 65438K, capacity 68468K, committed 68696K, reserved 1107968K
  class space    used 8938K, capacity 9584K, committed 9600K, reserved 1048576K
Event: 21.064 GC heap after
Heap after GC invocations=17 (full 3):
 PSYoungGen      total 197632K, used 22524K [0x00000000d5580000, 0x00000000e3f00000, 0x0000000100000000)
  eden space 175104K, 0% used [0x00000000d5580000,0x00000000d5580000,0x00000000e0080000)
  from space 22528K, 99% used [0x00000000e1c80000,0x00000000e327f3c8,0x00000000e3280000)
  to   space 28672K, 0% used [0x00000000e0080000,0x00000000e0080000,0x00000000e1c80000)
 ParOldGen       total 151552K, used 45508K [0x0000000080000000, 0x0000000089400000, 0x00000000d5580000)
  object space 151552K, 30% used [0x0000000080000000,0x0000000082c71298,0x0000000089400000)
 Metaspace       used 65438K, capacity 68468K, committed 68696K, reserved 1107968K
  class space    used 8938K, capacity 9584K, committed 9600K, reserved 1048576K
}
Event: 25.603 GC heap before
{Heap before GC invocations=18 (full 3):
 PSYoungGen      total 197632K, used 197628K [0x00000000d5580000, 0x00000000e3f00000, 0x0000000100000000)
  eden space 175104K, 100% used [0x00000000d5580000,0x00000000e0080000,0x00000000e0080000)
  from space 22528K, 99% used [0x00000000e1c80000,0x00000000e327f3c8,0x00000000e3280000)
  to   space 28672K, 0% used [0x00000000e0080000,0x00000000e0080000,0x00000000e1c80000)
 ParOldGen       total 151552K, used 45508K [0x0000000080000000, 0x0000000089400000, 0x00000000d5580000)
  object space 151552K, 30% used [0x0000000080000000,0x0000000082c71298,0x0000000089400000)
 Metaspace       used 69259K, capacity 72378K, committed 72408K, reserved 1112064K
  class space    used 9336K, capacity 9971K, committed 9984K, reserved 1048576K
Event: 25.643 GC heap after
Heap after GC invocations=18 (full 3):
 PSYoungGen      total 203776K, used 25194K [0x00000000d5580000, 0x00000000e5c00000, 0x0000000100000000)
  eden space 175104K, 0% used [0x00000000d5580000,0x00000000d5580000,0x00000000e0080000)
  from space 28672K, 87% used [0x00000000e0080000,0x00000000e191a818,0x00000000e1c80000)
  to   space 31744K, 0% used [0x00000000e3d00000,0x00000000e3d00000,0x00000000e5c00000)
 ParOldGen       total 151552K, used 55287K [0x0000000080000000, 0x0000000089400000, 0x00000000d5580000)
  object space 151552K, 36% used [0x0000000080000000,0x00000000835fdf78,0x0000000089400000)
 Metaspace       used 69259K, capacity 72378K, committed 72408K, reserved 1112064K
  class space    used 9336K, capacity 9971K, committed 9984K, reserved 1048576K
}

