# JRE version: OpenJDK Runtime Environment (8.0_242-b01) (build 1.8.0_242-release-1644-b01)
# Java VM: OpenJDK 64-Bit Server VM (25.242-b01 mixed mode windows-amd64 compressed oops)
Heap:
 PSYoungGen      total 130048K, used 53961K [0x00000000d5580000, 0x00000000e2a00000, 0x0000000100000000)
  eden space 121344K, 44% used [0x00000000d5580000,0x00000000d8a32778,0x00000000dcc00000)
  from space 8704K, 0% used [0x00000000de100000,0x00000000de100000,0x00000000de980000)
  to   space 21504K, 0% used [0x00000000dcc00000,0x00000000dcc00000,0x00000000de100000)
 ParOldGen       total 66560K, used 38201K [0x0000000080000000, 0x0000000084100000, 0x00000000d5580000)
  object space 66560K, 57% used [0x0000000080000000,0x000000008254e4e0,0x0000000084100000)
 Metaspace       used 60537K, capacity 63058K, committed 63272K, reserved 1103872K
  class space    used 8379K, capacity 8912K, committed 9008K, reserved 1048576K
GC Heap History (10 events):
Event: 9.907 GC heap before
{Heap before GC invocations=11 (full 2):
 PSYoungGen      total 136192K, used 11089K [0x00000000d5580000, 0x00000000de980000, 0x0000000100000000)
  eden space 124928K, 0% used [0x00000000d5580000,0x00000000d5580000,0x00000000dcf80000)
  from space 11264K, 98% used [0x00000000dd380000,0x00000000dde54700,0x00000000dde80000)
  to   space 8704K, 0% used [0x00000000de100000,0x00000000de100000,0x00000000de980000)
 ParOldGen       total 47104K, used 6727K [0x0000000080000000, 0x0000000082e00000, 0x00000000d5580000)
  object space 47104K, 14% used [0x0000000080000000,0x0000000080691e08,0x0000000082e00000)
 Metaspace       used 34311K, capacity 35422K, committed 35496K, reserved 1079296K
  class space    used 4717K, capacity 5003K, committed 5040K, reserved 1048576K
Event: 10.011 GC heap after
Heap after GC invocations=11 (full 2):
 PSYoungGen      total 136192K, used 0K [0x00000000d5580000, 0x00000000de980000, 0x0000000100000000)
  eden space 124928K, 0% used [0x00000000d5580000,0x00000000d5580000,0x00000000dcf80000)
  from space 11264K, 0% used [0x00000000dd380000,0x00000000dd380000,0x00000000dde80000)
  to   space 8704K, 0% used [0x00000000de100000,0x00000000de100000,0x00000000de980000)
 ParOldGen       total 66560K, used 17362K [0x0000000080000000, 0x0000000084100000, 0x00000000d5580000)
  object space 66560K, 26% used [0x0000000080000000,0x00000000810f49b0,0x0000000084100000)
 Metaspace       used 34311K, capacity 35422K, committed 35496K, reserved 1079296K
  class space    used 4717K, capacity 5003K, committed 5040K, reserved 1048576K
}
Event: 11.771 GC heap before
{Heap before GC invocations=12 (full 2):
 PSYoungGen      total 136192K, used 124886K [0x00000000d5580000, 0x00000000de980000, 0x0000000100000000)
  eden space 124928K, 99% used [0x00000000d5580000,0x00000000dcf758f8,0x00000000dcf80000)
  from space 11264K, 0% used [0x00000000dd380000,0x00000000dd380000,0x00000000dde80000)
  to   space 8704K, 0% used [0x00000000de100000,0x00000000de100000,0x00000000de980000)
 ParOldGen       total 66560K, used 17362K [0x0000000080000000, 0x0000000084100000, 0x00000000d5580000)
  object space 66560K, 26% used [0x0000000080000000,0x00000000810f49b0,0x0000000084100000)
 Metaspace       used 38569K, capacity 40236K, committed 40488K, reserved 1083392K
  class space    used 5309K, capacity 5671K, committed 5680K, reserved 1048576K
Event: 11.783 GC heap after
Heap after GC invocations=12 (full 2):
 PSYoungGen      total 133632K, used 8692K [0x00000000d5580000, 0x00000000de980000, 0x0000000100000000)
  eden space 124928K, 0% used [0x00000000d5580000,0x00000000d5580000,0x00000000dcf80000)
  from space 8704K, 99% used [0x00000000de100000,0x00000000de97d3c0,0x00000000de980000)
  to   space 11264K, 0% used [0x00000000dd380000,0x00000000dd380000,0x00000000dde80000)
 ParOldGen       total 66560K, used 18853K [0x0000000080000000, 0x0000000084100000, 0x00000000d5580000)
  object space 66560K, 28% used [0x0000000080000000,0x0000000081269760,0x0000000084100000)
 Metaspace       used 38569K, capacity 40236K, committed 40488K, reserved 1083392K
  class space    used 5309K, capacity 5671K, committed 5680K, reserved 1048576K
}
Event: 14.768 GC heap before
{Heap before GC invocations=13 (full 2):
 PSYoungGen      total 133632K, used 133620K [0x00000000d5580000, 0x00000000de980000, 0x0000000100000000)
  eden space 124928K, 100% used [0x00000000d5580000,0x00000000dcf80000,0x00000000dcf80000)
  from space 8704K, 99% used [0x00000000de100000,0x00000000de97d3c0,0x00000000de980000)
  to   space 11264K, 0% used [0x00000000dd380000,0x00000000dd380000,0x00000000dde80000)
 ParOldGen       total 66560K, used 18853K [0x0000000080000000, 0x0000000084100000, 0x00000000d5580000)
  object space 66560K, 28% used [0x0000000080000000,0x0000000081269760,0x0000000084100000)
 Metaspace       used 51057K, capacity 53014K, committed 53416K, reserved 1095680K
  class space    used 6822K, capacity 7235K, committed 7344K, reserved 1048576K
Event: 14.807 GC heap after
Heap after GC invocations=13 (full 2):
 PSYoungGen      total 136192K, used 11246K [0x00000000d5580000, 0x00000000de980000, 0x0000000100000000)
  eden space 124928K, 0% used [0x00000000d5580000,0x00000000d5580000,0x00000000dcf80000)
  from space 11264K, 99% used [0x00000000dd380000,0x00000000dde7baf8,0x00000000dde80000)
  to   space 8704K, 0% used [0x00000000de100000,0x00000000de100000,0x00000000de980000)
 ParOldGen       total 66560K, used 29707K [0x0000000080000000, 0x0000000084100000, 0x00000000d5580000)
  object space 66560K, 44% used [0x0000000080000000,0x0000000081d02f08,0x0000000084100000)
 Metaspace       used 51057K, capacity 53014K, committed 53416K, reserved 1095680K
  class space    used 6822K, capacity 7235K, committed 7344K, reserved 1048576K
}
Event: 17.276 GC heap before
{Heap before GC invocations=14 (full 2):
 PSYoungGen      total 136192K, used 123249K [0x00000000d5580000, 0x00000000de980000, 0x0000000100000000)
  eden space 124928K, 89% used [0x00000000d5580000,0x00000000dc2e0c28,0x00000000dcf80000)
  from space 11264K, 99% used [0x00000000dd380000,0x00000000dde7baf8,0x00000000dde80000)
  to   space 8704K, 0% used [0x00000000de100000,0x00000000de100000,0x00000000de980000)
 ParOldGen       total 66560K, used 29707K [0x0000000080000000, 0x0000000084100000, 0x00000000d5580000)
  object space 66560K, 44% used [0x0000000080000000,0x0000000081d02f08,0x0000000084100000)
 Metaspace       used 56681K, capacity 58996K, committed 59160K, reserved 1099776K
  class space    used 7741K, capacity 8257K, committed 8368K, reserved 1048576K
Event: 17.345 GC heap after
Heap after GC invocations=14 (full 2):
 PSYoungGen      total 130048K, used 8692K [0x00000000d5580000, 0x00000000e2a00000, 0x0000000100000000)
  eden space 121344K, 0% used [0x00000000d5580000,0x00000000d5580000,0x00000000dcc00000)
  from space 8704K, 99% used [0x00000000de100000,0x00000000de97d320,0x00000000de980000)
  to   space 21504K, 0% used [0x00000000dcc00000,0x00000000dcc00000,0x00000000de100000)
 ParOldGen       total 66560K, used 40883K [0x0000000080000000, 0x0000000084100000, 0x00000000d5580000)
  object space 66560K, 61% used [0x0000000080000000,0x00000000827ece28,0x0000000084100000)
 Metaspace       used 56681K, capacity 58996K, committed 59160K, reserved 1099776K
  class space    used 7741K, capacity 8257K, committed 8368K, reserved 1048576K
}
Event: 17.345 GC heap before
{Heap before GC invocations=15 (full 3):
 PSYoungGen      total 130048K, used 8692K [0x00000000d5580000, 0x00000000e2a00000, 0x0000000100000000)
  eden space 121344K, 0% used [0x00000000d5580000,0x00000000d5580000,0x00000000dcc00000)
  from space 8704K, 99% used [0x00000000de100000,0x00000000de97d320,0x00000000de980000)
  to   space 21504K, 0% used [0x00000000dcc00000,0x00000000dcc00000,0x00000000de100000)
 ParOldGen       total 66560K, used 40883K [0x0000000080000000, 0x0000000084100000, 0x00000000d5580000)
  object space 66560K, 61% used [0x0000000080000000,0x00000000827ece28,0x0000000084100000)
 Metaspace       used 56681K, capacity 58996K, committed 59160K, reserved 1099776K
  class space    used 7741K, capacity 8257K, committed 8368K, reserved 1048576K
Event: 17.955 GC heap after
Heap after GC invocations=15 (full 3):
 PSYoungGen      total 130048K, used 0K [0x00000000d5580000, 0x00000000e2a00000, 0x0000000100000000)
  eden space 121344K, 0% used [0x00000000d5580000,0x00000000d5580000,0x00000000dcc00000)
  from space 8704K, 0% used [0x00000000de100000,0x00000000de100000,0x00000000de980000)
  to   space 21504K, 0% used [0x00000000dcc00000,0x00000000dcc00000,0x00000000de100000)
 ParOldGen       total 66560K, used 38201K [0x0000000080000000, 0x0000000084100000, 0x00000000d5580000)
  object space 66560K, 57% used [0x0000000080000000,0x000000008254e4e0,0x0000000084100000)
 Metaspace       used 56670K, capacity 58960K, committed 59160K, reserved 1099776K
  class space    used 7738K, capacity 8251K, committed 8368K, reserved 1048576K
}

