# JRE version: OpenJDK Runtime Environment (8.0_242-b01) (build 1.8.0_242-release-1644-b01)
# Java VM: OpenJDK 64-Bit Server VM (25.242-b01 mixed mode windows-amd64 compressed oops)
Heap:
 PSYoungGen      total 482304K, used 73824K [0x00000000d5580000, 0x00000000f5380000, 0x0000000100000000)
  eden space 444416K, 12% used [0x00000000d5580000,0x00000000d8ca89b0,0x00000000f0780000)
  from space 37888K, 45% used [0x00000000f0780000,0x00000000f186f798,0x00000000f2c80000)
  to   space 27648K, 0% used [0x00000000f2c80000,0x00000000f2c80000,0x00000000f4780000)
 ParOldGen       total 104448K, used 77434K [0x0000000080000000, 0x0000000086600000, 0x00000000d5580000)
  object space 104448K, 74% used [0x0000000080000000,0x0000000084b9ea58,0x0000000086600000)
 Metaspace       used 92731K, capacity 97668K, committed 97944K, reserved 1134592K
  class space    used 12272K, capacity 13164K, committed 13224K, reserved 1048576K
GC Heap History (10 events):
Event: 13.976 GC heap before
{Heap before GC invocations=12 (full 2):
 PSYoungGen      total 263680K, used 163618K [0x00000000d5580000, 0x00000000edb00000, 0x0000000100000000)
  eden space 249344K, 59% used [0x00000000d5580000,0x00000000de74c920,0x00000000e4900000)
  from space 14336K, 99% used [0x00000000e4900000,0x00000000e56fc280,0x00000000e5700000)
  to   space 19456K, 0% used [0x00000000ec800000,0x00000000ec800000,0x00000000edb00000)
 ParOldGen       total 65024K, used 21863K [0x0000000080000000, 0x0000000083f80000, 0x00000000d5580000)
  object space 65024K, 33% used [0x0000000080000000,0x0000000081559c40,0x0000000083f80000)
 Metaspace       used 56855K, capacity 59134K, committed 59160K, reserved 1099776K
  class space    used 7766K, capacity 8231K, committed 8232K, reserved 1048576K
Event: 14.052 GC heap after
Heap after GC invocations=12 (full 2):
 PSYoungGen      total 373248K, used 19436K [0x00000000d5580000, 0x00000000edf00000, 0x0000000100000000)
  eden space 353792K, 0% used [0x00000000d5580000,0x00000000d5580000,0x00000000eaf00000)
  from space 19456K, 99% used [0x00000000ec800000,0x00000000edafb310,0x00000000edb00000)
  to   space 24576K, 0% used [0x00000000eaf00000,0x00000000eaf00000,0x00000000ec700000)
 ParOldGen       total 65024K, used 28655K [0x0000000080000000, 0x0000000083f80000, 0x00000000d5580000)
  object space 65024K, 44% used [0x0000000080000000,0x0000000081bfbd78,0x0000000083f80000)
 Metaspace       used 56855K, capacity 59134K, committed 59160K, reserved 1099776K
  class space    used 7766K, capacity 8231K, committed 8232K, reserved 1048576K
}
Event: 14.052 GC heap before
{Heap before GC invocations=13 (full 3):
 PSYoungGen      total 373248K, used 19436K [0x00000000d5580000, 0x00000000edf00000, 0x0000000100000000)
  eden space 353792K, 0% used [0x00000000d5580000,0x00000000d5580000,0x00000000eaf00000)
  from space 19456K, 99% used [0x00000000ec800000,0x00000000edafb310,0x00000000edb00000)
  to   space 24576K, 0% used [0x00000000eaf00000,0x00000000eaf00000,0x00000000ec700000)
 ParOldGen       total 65024K, used 28655K [0x0000000080000000, 0x0000000083f80000, 0x00000000d5580000)
  object space 65024K, 44% used [0x0000000080000000,0x0000000081bfbd78,0x0000000083f80000)
 Metaspace       used 56855K, capacity 59134K, committed 59160K, reserved 1099776K
  class space    used 7766K, capacity 8231K, committed 8232K, reserved 1048576K
Event: 14.868 GC heap after
Heap after GC invocations=13 (full 3):
 PSYoungGen      total 373248K, used 0K [0x00000000d5580000, 0x00000000edf00000, 0x0000000100000000)
  eden space 353792K, 0% used [0x00000000d5580000,0x00000000d5580000,0x00000000eaf00000)
  from space 19456K, 0% used [0x00000000ec800000,0x00000000ec800000,0x00000000edb00000)
  to   space 24576K, 0% used [0x00000000eaf00000,0x00000000eaf00000,0x00000000ec700000)
 ParOldGen       total 104448K, used 38215K [0x0000000080000000, 0x0000000086600000, 0x00000000d5580000)
  object space 104448K, 36% used [0x0000000080000000,0x0000000082551ca8,0x0000000086600000)
 Metaspace       used 56847K, capacity 59110K, committed 59160K, reserved 1099776K
  class space    used 7764K, capacity 8227K, committed 8232K, reserved 1048576K
}
Event: 23.397 GC heap before
{Heap before GC invocations=14 (full 3):
 PSYoungGen      total 373248K, used 353792K [0x00000000d5580000, 0x00000000edf00000, 0x0000000100000000)
  eden space 353792K, 100% used [0x00000000d5580000,0x00000000eaf00000,0x00000000eaf00000)
  from space 19456K, 0% used [0x00000000ec800000,0x00000000ec800000,0x00000000edb00000)
  to   space 24576K, 0% used [0x00000000eaf00000,0x00000000eaf00000,0x00000000ec700000)
 ParOldGen       total 104448K, used 38215K [0x0000000080000000, 0x0000000086600000, 0x00000000d5580000)
  object space 104448K, 36% used [0x0000000080000000,0x0000000082551ca8,0x0000000086600000)
 Metaspace       used 66463K, capacity 69564K, committed 69656K, reserved 1110016K
  class space    used 9112K, capacity 9732K, committed 9768K, reserved 1048576K
Event: 23.458 GC heap after
Heap after GC invocations=14 (full 3):
 PSYoungGen      total 378368K, used 23028K [0x00000000d5580000, 0x00000000f4780000, 0x0000000100000000)
  eden space 353792K, 0% used [0x00000000d5580000,0x00000000d5580000,0x00000000eaf00000)
  from space 24576K, 93% used [0x00000000eaf00000,0x00000000ec57d340,0x00000000ec700000)
  to   space 27648K, 0% used [0x00000000f2c80000,0x00000000f2c80000,0x00000000f4780000)
 ParOldGen       total 104448K, used 38223K [0x0000000080000000, 0x0000000086600000, 0x00000000d5580000)
  object space 104448K, 36% used [0x0000000080000000,0x0000000082553ca8,0x0000000086600000)
 Metaspace       used 66463K, capacity 69564K, committed 69656K, reserved 1110016K
  class space    used 9112K, capacity 9732K, committed 9768K, reserved 1048576K
}
Event: 31.354 GC heap before
{Heap before GC invocations=15 (full 3):
 PSYoungGen      total 378368K, used 376820K [0x00000000d5580000, 0x00000000f4780000, 0x0000000100000000)
  eden space 353792K, 100% used [0x00000000d5580000,0x00000000eaf00000,0x00000000eaf00000)
  from space 24576K, 93% used [0x00000000eaf00000,0x00000000ec57d340,0x00000000ec700000)
  to   space 27648K, 0% used [0x00000000f2c80000,0x00000000f2c80000,0x00000000f4780000)
 ParOldGen       total 104448K, used 38223K [0x0000000080000000, 0x0000000086600000, 0x00000000d5580000)
  object space 104448K, 36% used [0x0000000080000000,0x0000000082553ca8,0x0000000086600000)
 Metaspace       used 78868K, capacity 82414K, committed 82712K, reserved 1120256K
  class space    used 10577K, capacity 11223K, committed 11304K, reserved 1048576K
Event: 31.516 GC heap after
Heap after GC invocations=15 (full 3):
 PSYoungGen      total 472064K, used 27642K [0x00000000d5580000, 0x00000000f5380000, 0x0000000100000000)
  eden space 444416K, 0% used [0x00000000d5580000,0x00000000d5580000,0x00000000f0780000)
  from space 27648K, 99% used [0x00000000f2c80000,0x00000000f477e8f8,0x00000000f4780000)
  to   space 37888K, 0% used [0x00000000f0780000,0x00000000f0780000,0x00000000f2c80000)
 ParOldGen       total 104448K, used 53445K [0x0000000080000000, 0x0000000086600000, 0x00000000d5580000)
  object space 104448K, 51% used [0x0000000080000000,0x00000000834317a0,0x0000000086600000)
 Metaspace       used 78868K, capacity 82414K, committed 82712K, reserved 1120256K
  class space    used 10577K, capacity 11223K, committed 11304K, reserved 1048576K
}
Event: 645.361 GC heap before
{Heap before GC invocations=16 (full 3):
 PSYoungGen      total 472064K, used 472058K [0x00000000d5580000, 0x00000000f5380000, 0x0000000100000000)
  eden space 444416K, 100% used [0x00000000d5580000,0x00000000f0780000,0x00000000f0780000)
  from space 27648K, 99% used [0x00000000f2c80000,0x00000000f477e8f8,0x00000000f4780000)
  to   space 37888K, 0% used [0x00000000f0780000,0x00000000f0780000,0x00000000f2c80000)
 ParOldGen       total 104448K, used 53445K [0x0000000080000000, 0x0000000086600000, 0x00000000d5580000)
  object space 104448K, 51% used [0x0000000080000000,0x00000000834317a0,0x0000000086600000)
 Metaspace       used 92703K, capacity 97526K, committed 97688K, reserved 1134592K
  class space    used 12271K, capacity 13163K, committed 13224K, reserved 1048576K
Event: 645.805 GC heap after
Heap after GC invocations=16 (full 3):
 PSYoungGen      total 482304K, used 17341K [0x00000000d5580000, 0x00000000f5380000, 0x0000000100000000)
  eden space 444416K, 0% used [0x00000000d5580000,0x00000000d5580000,0x00000000f0780000)
  from space 37888K, 45% used [0x00000000f0780000,0x00000000f186f798,0x00000000f2c80000)
  to   space 27648K, 0% used [0x00000000f2c80000,0x00000000f2c80000,0x00000000f4780000)
 ParOldGen       total 104448K, used 77434K [0x0000000080000000, 0x0000000086600000, 0x00000000d5580000)
  object space 104448K, 74% used [0x0000000080000000,0x0000000084b9ea58,0x0000000086600000)
 Metaspace       used 92703K, capacity 97526K, committed 97688K, reserved 1134592K
  class space    used 12271K, capacity 13163K, committed 13224K, reserved 1048576K
}

