# JRE version: OpenJDK Runtime Environment (8.0_242-b01) (build 1.8.0_242-release-1644-b01)
# Java VM: OpenJDK 64-Bit Server VM (25.242-b01 mixed mode windows-amd64 compressed oops)
Heap:
 PSYoungGen      total 199680K, used 30282K [0x00000000d5580000, 0x00000000e3980000, 0x0000000100000000)
  eden space 182272K, 7% used [0x00000000d5580000,0x00000000d6213050,0x00000000e0780000)
  from space 17408K, 99% used [0x00000000e0780000,0x00000000e187f968,0x00000000e1880000)
  to   space 17408K, 0% used [0x00000000e1880000,0x00000000e1880000,0x00000000e2980000)
 ParOldGen       total 148480K, used 46644K [0x0000000080000000, 0x0000000089100000, 0x00000000d5580000)
  object space 148480K, 31% used [0x0000000080000000,0x0000000082d8d2d0,0x0000000089100000)
 Metaspace       used 64620K, capacity 67600K, committed 67928K, reserved 1107968K
  class space    used 8907K, capacity 9501K, committed 9600K, reserved 1048576K
GC Heap History (10 events):
Event: 9.928 GC heap before
{Heap before GC invocations=12 (full 2):
 PSYoungGen      total 118784K, used 107008K [0x00000000d5580000, 0x00000000e0300000, 0x0000000100000000)
  eden space 107008K, 100% used [0x00000000d5580000,0x00000000dbe00000,0x00000000dbe00000)
  from space 11776K, 0% used [0x00000000dbe00000,0x00000000dbe00000,0x00000000dc980000)
  to   space 11776K, 0% used [0x00000000df780000,0x00000000df780000,0x00000000e0300000)
 ParOldGen       total 83456K, used 14517K [0x0000000080000000, 0x0000000085180000, 0x00000000d5580000)
  object space 83456K, 17% used [0x0000000080000000,0x0000000080e2d4f8,0x0000000085180000)
 Metaspace       used 37122K, capacity 38716K, committed 39000K, reserved 1083392K
  class space    used 5112K, capacity 5467K, committed 5504K, reserved 1048576K
Event: 9.942 GC heap after
Heap after GC invocations=12 (full 2):
 PSYoungGen      total 148992K, used 8384K [0x00000000d5580000, 0x00000000e0000000, 0x0000000100000000)
  eden space 140288K, 0% used [0x00000000d5580000,0x00000000d5580000,0x00000000dde80000)
  from space 8704K, 96% used [0x00000000df780000,0x00000000dffb02b8,0x00000000e0000000)
  to   space 11776K, 0% used [0x00000000de900000,0x00000000de900000,0x00000000df480000)
 ParOldGen       total 83456K, used 14525K [0x0000000080000000, 0x0000000085180000, 0x00000000d5580000)
  object space 83456K, 17% used [0x0000000080000000,0x0000000080e2f4f8,0x0000000085180000)
 Metaspace       used 37122K, capacity 38716K, committed 39000K, reserved 1083392K
  class space    used 5112K, capacity 5467K, committed 5504K, reserved 1048576K
}
Event: 12.510 GC heap before
{Heap before GC invocations=13 (full 2):
 PSYoungGen      total 148992K, used 148672K [0x00000000d5580000, 0x00000000e0000000, 0x0000000100000000)
  eden space 140288K, 100% used [0x00000000d5580000,0x00000000dde80000,0x00000000dde80000)
  from space 8704K, 96% used [0x00000000df780000,0x00000000dffb02b8,0x00000000e0000000)
  to   space 11776K, 0% used [0x00000000de900000,0x00000000de900000,0x00000000df480000)
 ParOldGen       total 83456K, used 14525K [0x0000000080000000, 0x0000000085180000, 0x00000000d5580000)
  object space 83456K, 17% used [0x0000000080000000,0x0000000080e2f4f8,0x0000000085180000)
 Metaspace       used 51017K, capacity 52968K, committed 53080K, reserved 1095680K
  class space    used 6820K, capacity 7240K, committed 7296K, reserved 1048576K
Event: 12.543 GC heap after
Heap after GC invocations=13 (full 2):
 PSYoungGen      total 162816K, used 11756K [0x00000000d5580000, 0x00000000e2980000, 0x0000000100000000)
  eden space 151040K, 0% used [0x00000000d5580000,0x00000000d5580000,0x00000000de900000)
  from space 11776K, 99% used [0x00000000de900000,0x00000000df47b310,0x00000000df480000)
  to   space 17408K, 0% used [0x00000000e1880000,0x00000000e1880000,0x00000000e2980000)
 ParOldGen       total 83456K, used 26144K [0x0000000080000000, 0x0000000085180000, 0x00000000d5580000)
  object space 83456K, 31% used [0x0000000080000000,0x00000000819880b8,0x0000000085180000)
 Metaspace       used 51017K, capacity 52968K, committed 53080K, reserved 1095680K
  class space    used 6820K, capacity 7240K, committed 7296K, reserved 1048576K
}
Event: 14.779 GC heap before
{Heap before GC invocations=14 (full 2):
 PSYoungGen      total 162816K, used 124117K [0x00000000d5580000, 0x00000000e2980000, 0x0000000100000000)
  eden space 151040K, 74% used [0x00000000d5580000,0x00000000dc33a450,0x00000000de900000)
  from space 11776K, 99% used [0x00000000de900000,0x00000000df47b310,0x00000000df480000)
  to   space 17408K, 0% used [0x00000000e1880000,0x00000000e1880000,0x00000000e2980000)
 ParOldGen       total 83456K, used 26144K [0x0000000080000000, 0x0000000085180000, 0x00000000d5580000)
  object space 83456K, 31% used [0x0000000080000000,0x00000000819880b8,0x0000000085180000)
 Metaspace       used 56548K, capacity 58878K, committed 58968K, reserved 1099776K
  class space    used 7723K, capacity 8260K, committed 8320K, reserved 1048576K
Event: 14.839 GC heap after
Heap after GC invocations=14 (full 2):
 PSYoungGen      total 199680K, used 11644K [0x00000000d5580000, 0x00000000e3980000, 0x0000000100000000)
  eden space 182272K, 0% used [0x00000000d5580000,0x00000000d5580000,0x00000000e0780000)
  from space 17408K, 66% used [0x00000000e1880000,0x00000000e23df1d8,0x00000000e2980000)
  to   space 17408K, 0% used [0x00000000e0780000,0x00000000e0780000,0x00000000e1880000)
 ParOldGen       total 83456K, used 37945K [0x0000000080000000, 0x0000000085180000, 0x00000000d5580000)
  object space 83456K, 45% used [0x0000000080000000,0x000000008250e708,0x0000000085180000)
 Metaspace       used 56548K, capacity 58878K, committed 58968K, reserved 1099776K
  class space    used 7723K, capacity 8260K, committed 8320K, reserved 1048576K
}
Event: 14.839 GC heap before
{Heap before GC invocations=15 (full 3):
 PSYoungGen      total 199680K, used 11644K [0x00000000d5580000, 0x00000000e3980000, 0x0000000100000000)
  eden space 182272K, 0% used [0x00000000d5580000,0x00000000d5580000,0x00000000e0780000)
  from space 17408K, 66% used [0x00000000e1880000,0x00000000e23df1d8,0x00000000e2980000)
  to   space 17408K, 0% used [0x00000000e0780000,0x00000000e0780000,0x00000000e1880000)
 ParOldGen       total 83456K, used 37945K [0x0000000080000000, 0x0000000085180000, 0x00000000d5580000)
  object space 83456K, 45% used [0x0000000080000000,0x000000008250e708,0x0000000085180000)
 Metaspace       used 56548K, capacity 58878K, committed 58968K, reserved 1099776K
  class space    used 7723K, capacity 8260K, committed 8320K, reserved 1048576K
Event: 15.372 GC heap after
Heap after GC invocations=15 (full 3):
 PSYoungGen      total 199680K, used 0K [0x00000000d5580000, 0x00000000e3980000, 0x0000000100000000)
  eden space 182272K, 0% used [0x00000000d5580000,0x00000000d5580000,0x00000000e0780000)
  from space 17408K, 0% used [0x00000000e1880000,0x00000000e1880000,0x00000000e2980000)
  to   space 17408K, 0% used [0x00000000e0780000,0x00000000e0780000,0x00000000e1880000)
 ParOldGen       total 148480K, used 46582K [0x0000000080000000, 0x0000000089100000, 0x00000000d5580000)
  object space 148480K, 31% used [0x0000000080000000,0x0000000082d7d818,0x0000000089100000)
 Metaspace       used 56529K, capacity 58812K, committed 58968K, reserved 1099776K
  class space    used 7717K, capacity 8249K, committed 8320K, reserved 1048576K
}
Event: 21.187 GC heap before
{Heap before GC invocations=16 (full 3):
 PSYoungGen      total 199680K, used 182272K [0x00000000d5580000, 0x00000000e3980000, 0x0000000100000000)
  eden space 182272K, 100% used [0x00000000d5580000,0x00000000e0780000,0x00000000e0780000)
  from space 17408K, 0% used [0x00000000e1880000,0x00000000e1880000,0x00000000e2980000)
  to   space 17408K, 0% used [0x00000000e0780000,0x00000000e0780000,0x00000000e1880000)
 ParOldGen       total 148480K, used 46582K [0x0000000080000000, 0x0000000089100000, 0x00000000d5580000)
  object space 148480K, 31% used [0x0000000080000000,0x0000000082d7d818,0x0000000089100000)
 Metaspace       used 64518K, capacity 67520K, committed 67672K, reserved 1107968K
  class space    used 8907K, capacity 9501K, committed 9600K, reserved 1048576K
Event: 21.215 GC heap after
Heap after GC invocations=16 (full 3):
 PSYoungGen      total 199680K, used 17406K [0x00000000d5580000, 0x00000000e3980000, 0x0000000100000000)
  eden space 182272K, 0% used [0x00000000d5580000,0x00000000d5580000,0x00000000e0780000)
  from space 17408K, 99% used [0x00000000e0780000,0x00000000e187f968,0x00000000e1880000)
  to   space 17408K, 0% used [0x00000000e1880000,0x00000000e1880000,0x00000000e2980000)
 ParOldGen       total 148480K, used 46644K [0x0000000080000000, 0x0000000089100000, 0x00000000d5580000)
  object space 148480K, 31% used [0x0000000080000000,0x0000000082d8d2d0,0x0000000089100000)
 Metaspace       used 64518K, capacity 67520K, committed 67672K, reserved 1107968K
  class space    used 8907K, capacity 9501K, committed 9600K, reserved 1048576K
}

