# JRE version: OpenJDK Runtime Environment (8.0_242-b01) (build 1.8.0_242-release-1644-b01)
# Java VM: OpenJDK 64-Bit Server VM (25.242-b01 mixed mode windows-amd64 compressed oops)
Heap:
 PSYoungGen      total 306688K, used 233691K [0x00000000d5580000, 0x00000000eb280000, 0x0000000100000000)
  eden space 263168K, 75% used [0x00000000d5580000,0x00000000e172f328,0x00000000e5680000)
  from space 43520K, 81% used [0x00000000e8500000,0x00000000ea787be8,0x00000000eaf80000)
  to   space 47104K, 0% used [0x00000000e5680000,0x00000000e5680000,0x00000000e8480000)
 ParOldGen       total 141824K, used 76220K [0x0000000080000000, 0x0000000088a80000, 0x00000000d5580000)
  object space 141824K, 53% used [0x0000000080000000,0x0000000084a6f0b8,0x0000000088a80000)
 Metaspace       used 91282K, capacity 96266K, committed 96600K, reserved 1132544K
  class space    used 12176K, capacity 13073K, committed 13184K, reserved 1048576K
GC Heap History (10 events):
Event: 18.700 GC heap before
{Heap before GC invocations=17 (full 3):
 PSYoungGen      total 158720K, used 137728K [0x00000000d5580000, 0x00000000e4180000, 0x0000000100000000)
  eden space 137728K, 100% used [0x00000000d5580000,0x00000000ddc00000,0x00000000ddc00000)
  from space 20992K, 0% used [0x00000000ddc00000,0x00000000ddc00000,0x00000000df080000)
  to   space 22528K, 0% used [0x00000000e2b80000,0x00000000e2b80000,0x00000000e4180000)
 ParOldGen       total 141824K, used 32622K [0x0000000080000000, 0x0000000088a80000, 0x00000000d5580000)
  object space 141824K, 23% used [0x0000000080000000,0x0000000081fdbbc0,0x0000000088a80000)
 Metaspace       used 63638K, capacity 66524K, committed 66776K, reserved 1105920K
  class space    used 8798K, capacity 9364K, committed 9472K, reserved 1048576K
Event: 18.724 GC heap after
Heap after GC invocations=17 (full 3):
 PSYoungGen      total 196608K, used 13920K [0x00000000d5580000, 0x00000000e3980000, 0x0000000100000000)
  eden space 182272K, 0% used [0x00000000d5580000,0x00000000d5580000,0x00000000e0780000)
  from space 14336K, 97% used [0x00000000e2b80000,0x00000000e3918220,0x00000000e3980000)
  to   space 22528K, 0% used [0x00000000e0d80000,0x00000000e0d80000,0x00000000e2380000)
 ParOldGen       total 141824K, used 32630K [0x0000000080000000, 0x0000000088a80000, 0x00000000d5580000)
  object space 141824K, 23% used [0x0000000080000000,0x0000000081fddbc0,0x0000000088a80000)
 Metaspace       used 63638K, capacity 66524K, committed 66776K, reserved 1105920K
  class space    used 8798K, capacity 9364K, committed 9472K, reserved 1048576K
}
Event: 22.540 GC heap before
{Heap before GC invocations=18 (full 3):
 PSYoungGen      total 196608K, used 196192K [0x00000000d5580000, 0x00000000e3980000, 0x0000000100000000)
  eden space 182272K, 100% used [0x00000000d5580000,0x00000000e0780000,0x00000000e0780000)
  from space 14336K, 97% used [0x00000000e2b80000,0x00000000e3918220,0x00000000e3980000)
  to   space 22528K, 0% used [0x00000000e0d80000,0x00000000e0d80000,0x00000000e2380000)
 ParOldGen       total 141824K, used 32630K [0x0000000080000000, 0x0000000088a80000, 0x00000000d5580000)
  object space 141824K, 23% used [0x0000000080000000,0x0000000081fddbc0,0x0000000088a80000)
 Metaspace       used 65822K, capacity 68926K, committed 69080K, reserved 1107968K
  class space    used 9026K, capacity 9655K, committed 9728K, reserved 1048576K
Event: 22.606 GC heap after
Heap after GC invocations=18 (full 3):
 PSYoungGen      total 210944K, used 22496K [0x00000000d5580000, 0x00000000e7b00000, 0x0000000100000000)
  eden space 188416K, 0% used [0x00000000d5580000,0x00000000d5580000,0x00000000e0d80000)
  from space 22528K, 99% used [0x00000000e0d80000,0x00000000e23780f0,0x00000000e2380000)
  to   space 32256K, 0% used [0x00000000e5b80000,0x00000000e5b80000,0x00000000e7b00000)
 ParOldGen       total 141824K, used 50250K [0x0000000080000000, 0x0000000088a80000, 0x00000000d5580000)
  object space 141824K, 35% used [0x0000000080000000,0x0000000083112998,0x0000000088a80000)
 Metaspace       used 65822K, capacity 68926K, committed 69080K, reserved 1107968K
  class space    used 9026K, capacity 9655K, committed 9728K, reserved 1048576K
}
Event: 27.542 GC heap before
{Heap before GC invocations=19 (full 3):
 PSYoungGen      total 210944K, used 210912K [0x00000000d5580000, 0x00000000e7b00000, 0x0000000100000000)
  eden space 188416K, 100% used [0x00000000d5580000,0x00000000e0d80000,0x00000000e0d80000)
  from space 22528K, 99% used [0x00000000e0d80000,0x00000000e23780f0,0x00000000e2380000)
  to   space 32256K, 0% used [0x00000000e5b80000,0x00000000e5b80000,0x00000000e7b00000)
 ParOldGen       total 141824K, used 50250K [0x0000000080000000, 0x0000000088a80000, 0x00000000d5580000)
  object space 141824K, 35% used [0x0000000080000000,0x0000000083112998,0x0000000088a80000)
 Metaspace       used 69587K, capacity 72738K, committed 73048K, reserved 1112064K
  class space    used 9405K, capacity 10017K, committed 10112K, reserved 1048576K
Event: 27.624 GC heap after
Heap after GC invocations=19 (full 3):
 PSYoungGen      total 261120K, used 32250K [0x00000000d5580000, 0x00000000e8c80000, 0x0000000100000000)
  eden space 228864K, 0% used [0x00000000d5580000,0x00000000d5580000,0x00000000e3500000)
  from space 32256K, 99% used [0x00000000e5b80000,0x00000000e7afeae0,0x00000000e7b00000)
  to   space 39424K, 0% used [0x00000000e3500000,0x00000000e3500000,0x00000000e5b80000)
 ParOldGen       total 141824K, used 55857K [0x0000000080000000, 0x0000000088a80000, 0x00000000d5580000)
  object space 141824K, 39% used [0x0000000080000000,0x000000008368c7f8,0x0000000088a80000)
 Metaspace       used 69587K, capacity 72738K, committed 73048K, reserved 1112064K
  class space    used 9405K, capacity 10017K, committed 10112K, reserved 1048576K
}
Event: 31.495 GC heap before
{Heap before GC invocations=20 (full 3):
 PSYoungGen      total 261120K, used 261114K [0x00000000d5580000, 0x00000000e8c80000, 0x0000000100000000)
  eden space 228864K, 100% used [0x00000000d5580000,0x00000000e3500000,0x00000000e3500000)
  from space 32256K, 99% used [0x00000000e5b80000,0x00000000e7afeae0,0x00000000e7b00000)
  to   space 39424K, 0% used [0x00000000e3500000,0x00000000e3500000,0x00000000e5b80000)
 ParOldGen       total 141824K, used 55857K [0x0000000080000000, 0x0000000088a80000, 0x00000000d5580000)
  object space 141824K, 39% used [0x0000000080000000,0x000000008368c7f8,0x0000000088a80000)
 Metaspace       used 74103K, capacity 77620K, committed 77784K, reserved 1116160K
  class space    used 9964K, capacity 10626K, committed 10752K, reserved 1048576K
Event: 31.563 GC heap after
Heap after GC invocations=20 (full 3):
 PSYoungGen      total 268288K, used 33410K [0x00000000d5580000, 0x00000000eaf80000, 0x0000000100000000)
  eden space 228864K, 0% used [0x00000000d5580000,0x00000000d5580000,0x00000000e3500000)
  from space 39424K, 84% used [0x00000000e3500000,0x00000000e55a0a40,0x00000000e5b80000)
  to   space 43520K, 0% used [0x00000000e8500000,0x00000000e8500000,0x00000000eaf80000)
 ParOldGen       total 141824K, used 76212K [0x0000000080000000, 0x0000000088a80000, 0x00000000d5580000)
  object space 141824K, 53% used [0x0000000080000000,0x0000000084a6d0b8,0x0000000088a80000)
 Metaspace       used 74103K, capacity 77620K, committed 77784K, reserved 1116160K
  class space    used 9964K, capacity 10626K, committed 10752K, reserved 1048576K
}
Event: 38.364 GC heap before
{Heap before GC invocations=21 (full 3):
 PSYoungGen      total 268288K, used 262274K [0x00000000d5580000, 0x00000000eaf80000, 0x0000000100000000)
  eden space 228864K, 100% used [0x00000000d5580000,0x00000000e3500000,0x00000000e3500000)
  from space 39424K, 84% used [0x00000000e3500000,0x00000000e55a0a40,0x00000000e5b80000)
  to   space 43520K, 0% used [0x00000000e8500000,0x00000000e8500000,0x00000000eaf80000)
 ParOldGen       total 141824K, used 76212K [0x0000000080000000, 0x0000000088a80000, 0x00000000d5580000)
  object space 141824K, 53% used [0x0000000080000000,0x0000000084a6d0b8,0x0000000088a80000)
 Metaspace       used 80417K, capacity 84134K, committed 84312K, reserved 1122304K
  class space    used 10704K, capacity 11385K, committed 11392K, reserved 1048576K
Event: 38.423 GC heap after
Heap after GC invocations=21 (full 3):
 PSYoungGen      total 306688K, used 35358K [0x00000000d5580000, 0x00000000eb280000, 0x0000000100000000)
  eden space 263168K, 0% used [0x00000000d5580000,0x00000000d5580000,0x00000000e5680000)
  from space 43520K, 81% used [0x00000000e8500000,0x00000000ea787be8,0x00000000eaf80000)
  to   space 47104K, 0% used [0x00000000e5680000,0x00000000e5680000,0x00000000e8480000)
 ParOldGen       total 141824K, used 76220K [0x0000000080000000, 0x0000000088a80000, 0x00000000d5580000)
  object space 141824K, 53% used [0x0000000080000000,0x0000000084a6f0b8,0x0000000088a80000)
 Metaspace       used 80417K, capacity 84134K, committed 84312K, reserved 1122304K
  class space    used 10704K, capacity 11385K, committed 11392K, reserved 1048576K
}

