# JRE version: OpenJDK Runtime Environment (8.0_242-b01) (build 1.8.0_242-release-1644-b01)
# Java VM: OpenJDK 64-Bit Server VM (25.242-b01 mixed mode windows-amd64 compressed oops)
Heap:
 PSYoungGen      total 210944K, used 38105K [0x00000000d5580000, 0x00000000e7b80000, 0x0000000100000000)
  eden space 176128K, 1% used [0x00000000d5580000,0x00000000d58b6768,0x00000000e0180000)
  from space 34816K, 99% used [0x00000000e0180000,0x00000000e237fd90,0x00000000e2380000)
  to   space 45056K, 0% used [0x00000000e4f80000,0x00000000e4f80000,0x00000000e7b80000)
 ParOldGen       total 141312K, used 93171K [0x0000000080000000, 0x0000000088a00000, 0x00000000d5580000)
  object space 141312K, 65% used [0x0000000080000000,0x0000000085afcdf0,0x0000000088a00000)
 Metaspace       used 90823K, capacity 95514K, committed 95872K, reserved 1132544K
  class space    used 12064K, capacity 13072K, committed 13184K, reserved 1048576K
GC Heap History (10 events):
Event: 27.808 GC heap before
{Heap before GC invocations=20 (full 3):
 PSYoungGen      total 157184K, used 157134K [0x00000000d5580000, 0x00000000e0580000, 0x0000000100000000)
  eden space 140800K, 100% used [0x00000000d5580000,0x00000000ddf00000,0x00000000ddf00000)
  from space 16384K, 99% used [0x00000000df180000,0x00000000e0173a68,0x00000000e0180000)
  to   space 18944K, 0% used [0x00000000ddf00000,0x00000000ddf00000,0x00000000df180000)
 ParOldGen       total 141312K, used 36296K [0x0000000080000000, 0x0000000088a00000, 0x00000000d5580000)
  object space 141312K, 25% used [0x0000000080000000,0x0000000082372098,0x0000000088a00000)
 Metaspace       used 74241K, capacity 77664K, committed 77952K, reserved 1116160K
  class space    used 10083K, capacity 10788K, committed 10880K, reserved 1048576K
Event: 27.843 GC heap after
Heap after GC invocations=20 (full 3):
 PSYoungGen      total 159744K, used 18942K [0x00000000d5580000, 0x00000000e1d00000, 0x0000000100000000)
  eden space 140800K, 0% used [0x00000000d5580000,0x00000000d5580000,0x00000000ddf00000)
  from space 18944K, 99% used [0x00000000ddf00000,0x00000000df17fa78,0x00000000df180000)
  to   space 23040K, 0% used [0x00000000e0680000,0x00000000e0680000,0x00000000e1d00000)
 ParOldGen       total 141312K, used 40944K [0x0000000080000000, 0x0000000088a00000, 0x00000000d5580000)
  object space 141312K, 28% used [0x0000000080000000,0x00000000827fc358,0x0000000088a00000)
 Metaspace       used 74241K, capacity 77664K, committed 77952K, reserved 1116160K
  class space    used 10083K, capacity 10788K, committed 10880K, reserved 1048576K
}
Event: 117.582 GC heap before
{Heap before GC invocations=21 (full 3):
 PSYoungGen      total 159744K, used 159742K [0x00000000d5580000, 0x00000000e1d00000, 0x0000000100000000)
  eden space 140800K, 100% used [0x00000000d5580000,0x00000000ddf00000,0x00000000ddf00000)
  from space 18944K, 99% used [0x00000000ddf00000,0x00000000df17fa78,0x00000000df180000)
  to   space 23040K, 0% used [0x00000000e0680000,0x00000000e0680000,0x00000000e1d00000)
 ParOldGen       total 141312K, used 40944K [0x0000000080000000, 0x0000000088a00000, 0x00000000d5580000)
  object space 141312K, 28% used [0x0000000080000000,0x00000000827fc358,0x0000000088a00000)
 Metaspace       used 83241K, capacity 87160K, committed 87296K, reserved 1124352K
  class space    used 11084K, capacity 11955K, committed 12032K, reserved 1048576K
Event: 117.714 GC heap after
Heap after GC invocations=21 (full 3):
 PSYoungGen      total 178176K, used 21703K [0x00000000d5580000, 0x00000000e2080000, 0x0000000100000000)
  eden space 155136K, 0% used [0x00000000d5580000,0x00000000d5580000,0x00000000ded00000)
  from space 23040K, 94% used [0x00000000e0680000,0x00000000e1bb1ec0,0x00000000e1d00000)
  to   space 26112K, 0% used [0x00000000ded00000,0x00000000ded00000,0x00000000e0680000)
 ParOldGen       total 141312K, used 52122K [0x0000000080000000, 0x0000000088a00000, 0x00000000d5580000)
  object space 141312K, 36% used [0x0000000080000000,0x00000000832e6810,0x0000000088a00000)
 Metaspace       used 83241K, capacity 87160K, committed 87296K, reserved 1124352K
  class space    used 11084K, capacity 11955K, committed 12032K, reserved 1048576K
}
Event: 121.287 GC heap before
{Heap before GC invocations=22 (full 3):
 PSYoungGen      total 178176K, used 176839K [0x00000000d5580000, 0x00000000e2080000, 0x0000000100000000)
  eden space 155136K, 100% used [0x00000000d5580000,0x00000000ded00000,0x00000000ded00000)
  from space 23040K, 94% used [0x00000000e0680000,0x00000000e1bb1ec0,0x00000000e1d00000)
  to   space 26112K, 0% used [0x00000000ded00000,0x00000000ded00000,0x00000000e0680000)
 ParOldGen       total 141312K, used 52122K [0x0000000080000000, 0x0000000088a00000, 0x00000000d5580000)
  object space 141312K, 36% used [0x0000000080000000,0x00000000832e6810,0x0000000088a00000)
 Metaspace       used 85511K, capacity 89576K, committed 89856K, reserved 1126400K
  class space    used 11355K, capacity 12225K, committed 12288K, reserved 1048576K
Event: 121.377 GC heap after
Heap after GC invocations=22 (full 3):
 PSYoungGen      total 181248K, used 26100K [0x00000000d5580000, 0x00000000e4600000, 0x0000000100000000)
  eden space 155136K, 0% used [0x00000000d5580000,0x00000000d5580000,0x00000000ded00000)
  from space 26112K, 99% used [0x00000000ded00000,0x00000000e067d1f0,0x00000000e0680000)
  to   space 35328K, 0% used [0x00000000e2380000,0x00000000e2380000,0x00000000e4600000)
 ParOldGen       total 141312K, used 66377K [0x0000000080000000, 0x0000000088a00000, 0x00000000d5580000)
  object space 141312K, 46% used [0x0000000080000000,0x00000000840d24d0,0x0000000088a00000)
 Metaspace       used 85511K, capacity 89576K, committed 89856K, reserved 1126400K
  class space    used 11355K, capacity 12225K, committed 12288K, reserved 1048576K
}
Event: 125.242 GC heap before
{Heap before GC invocations=23 (full 3):
 PSYoungGen      total 181248K, used 181236K [0x00000000d5580000, 0x00000000e4600000, 0x0000000100000000)
  eden space 155136K, 100% used [0x00000000d5580000,0x00000000ded00000,0x00000000ded00000)
  from space 26112K, 99% used [0x00000000ded00000,0x00000000e067d1f0,0x00000000e0680000)
  to   space 35328K, 0% used [0x00000000e2380000,0x00000000e2380000,0x00000000e4600000)
 ParOldGen       total 141312K, used 66377K [0x0000000080000000, 0x0000000088a00000, 0x00000000d5580000)
  object space 141312K, 46% used [0x0000000080000000,0x00000000840d24d0,0x0000000088a00000)
 Metaspace       used 87280K, capacity 91578K, committed 91648K, reserved 1128448K
  class space    used 11570K, capacity 12508K, committed 12544K, reserved 1048576K
Event: 125.441 GC heap after
Heap after GC invocations=23 (full 3):
 PSYoungGen      total 211456K, used 19797K [0x00000000d5580000, 0x00000000e4c00000, 0x0000000100000000)
  eden space 176128K, 0% used [0x00000000d5580000,0x00000000d5580000,0x00000000e0180000)
  from space 35328K, 56% used [0x00000000e2380000,0x00000000e36d5448,0x00000000e4600000)
  to   space 34816K, 0% used [0x00000000e0180000,0x00000000e0180000,0x00000000e2380000)
 ParOldGen       total 141312K, used 80939K [0x0000000080000000, 0x0000000088a00000, 0x00000000d5580000)
  object space 141312K, 57% used [0x0000000080000000,0x0000000084f0ac20,0x0000000088a00000)
 Metaspace       used 87280K, capacity 91578K, committed 91648K, reserved 1128448K
  class space    used 11570K, capacity 12508K, committed 12544K, reserved 1048576K
}
Event: 128.211 GC heap before
{Heap before GC invocations=24 (full 3):
 PSYoungGen      total 211456K, used 195925K [0x00000000d5580000, 0x00000000e4c00000, 0x0000000100000000)
  eden space 176128K, 100% used [0x00000000d5580000,0x00000000e0180000,0x00000000e0180000)
  from space 35328K, 56% used [0x00000000e2380000,0x00000000e36d5448,0x00000000e4600000)
  to   space 34816K, 0% used [0x00000000e0180000,0x00000000e0180000,0x00000000e2380000)
 ParOldGen       total 141312K, used 80939K [0x0000000080000000, 0x0000000088a00000, 0x00000000d5580000)
  object space 141312K, 57% used [0x0000000080000000,0x0000000084f0ac20,0x0000000088a00000)
 Metaspace       used 90818K, capacity 95508K, committed 95872K, reserved 1132544K
  class space    used 12063K, capacity 13071K, committed 13184K, reserved 1048576K
Event: 128.342 GC heap after
Heap after GC invocations=24 (full 3):
 PSYoungGen      total 210944K, used 34815K [0x00000000d5580000, 0x00000000e7b80000, 0x0000000100000000)
  eden space 176128K, 0% used [0x00000000d5580000,0x00000000d5580000,0x00000000e0180000)
  from space 34816K, 99% used [0x00000000e0180000,0x00000000e237fd90,0x00000000e2380000)
  to   space 45056K, 0% used [0x00000000e4f80000,0x00000000e4f80000,0x00000000e7b80000)
 ParOldGen       total 141312K, used 93171K [0x0000000080000000, 0x0000000088a00000, 0x00000000d5580000)
  object space 141312K, 65% used [0x0000000080000000,0x0000000085afcdf0,0x0000000088a00000)
 Metaspace       used 90818K, capacity 95508K, committed 95872K, reserved 1132544K
  class space    used 12063K, capacity 13071K, committed 13184K, reserved 1048576K
}

