# JRE version: OpenJDK Runtime Environment (8.0_242-b01) (build 1.8.0_242-release-1644-b01)
# Java VM: OpenJDK 64-Bit Server VM (25.242-b01 mixed mode windows-amd64 compressed oops)
Heap:
 PSYoungGen      total 239104K, used 53097K [0x00000000d5580000, 0x00000000e7380000, 0x0000000100000000)
  eden space 211456K, 12% used [0x00000000d5580000,0x00000000d6feeed0,0x00000000e2400000)
  from space 27648K, 94% used [0x00000000e2400000,0x00000000e3d6b8e0,0x00000000e3f00000)
  to   space 31232K, 0% used [0x00000000e5500000,0x00000000e5500000,0x00000000e7380000)
 ParOldGen       total 216064K, used 59706K [0x0000000080000000, 0x000000008d300000, 0x00000000d5580000)
  object space 216064K, 27% used [0x0000000080000000,0x0000000083a4eb68,0x000000008d300000)
 Metaspace       used 100060K, capacity 105336K, committed 105472K, reserved 1140736K
  class space    used 13176K, capacity 14335K, committed 14336K, reserved 1048576K
GC Heap History (10 events):
Event: 94.217 GC heap before
{Heap before GC invocations=19 (full 3):
 PSYoungGen      total 211456K, used 203356K [0x00000000d5580000, 0x00000000e5f80000, 0x0000000100000000)
  eden space 186368K, 100% used [0x00000000d5580000,0x00000000e0b80000,0x00000000e0b80000)
  from space 25088K, 67% used [0x00000000e0b80000,0x00000000e1c17110,0x00000000e2400000)
  to   space 25600K, 0% used [0x00000000e4680000,0x00000000e4680000,0x00000000e5f80000)
 ParOldGen       total 140800K, used 57319K [0x0000000080000000, 0x0000000088980000, 0x00000000d5580000)
  object space 140800K, 40% used [0x0000000080000000,0x00000000837f9e68,0x0000000088980000)
 Metaspace       used 91650K, capacity 95968K, committed 96128K, reserved 1132544K
  class space    used 12154K, capacity 13108K, committed 13184K, reserved 1048576K
Event: 94.257 GC heap after
Heap after GC invocations=19 (full 3):
 PSYoungGen      total 242688K, used 25599K [0x00000000d5580000, 0x00000000e6800000, 0x0000000100000000)
  eden space 217088K, 0% used [0x00000000d5580000,0x00000000d5580000,0x00000000e2980000)
  from space 25600K, 99% used [0x00000000e4680000,0x00000000e5f7ff50,0x00000000e5f80000)
  to   space 29696K, 0% used [0x00000000e2980000,0x00000000e2980000,0x00000000e4680000)
 ParOldGen       total 140800K, used 58621K [0x0000000080000000, 0x0000000088980000, 0x00000000d5580000)
  object space 140800K, 41% used [0x0000000080000000,0x000000008393f590,0x0000000088980000)
 Metaspace       used 91650K, capacity 95968K, committed 96128K, reserved 1132544K
  class space    used 12154K, capacity 13108K, committed 13184K, reserved 1048576K
}
Event: 390.773 GC heap before
{Heap before GC invocations=20 (full 3):
 PSYoungGen      total 242688K, used 164981K [0x00000000d5580000, 0x00000000e6800000, 0x0000000100000000)
  eden space 217088K, 64% used [0x00000000d5580000,0x00000000ddd9d4c0,0x00000000e2980000)
  from space 25600K, 99% used [0x00000000e4680000,0x00000000e5f7ff50,0x00000000e5f80000)
  to   space 29696K, 0% used [0x00000000e2980000,0x00000000e2980000,0x00000000e4680000)
 ParOldGen       total 140800K, used 58621K [0x0000000080000000, 0x0000000088980000, 0x00000000d5580000)
  object space 140800K, 41% used [0x0000000080000000,0x000000008393f590,0x0000000088980000)
 Metaspace       used 93928K, capacity 98488K, committed 98496K, reserved 1134592K
  class space    used 12446K, capacity 13432K, committed 13440K, reserved 1048576K
Event: 390.833 GC heap after
Heap after GC invocations=20 (full 3):
 PSYoungGen      total 219136K, used 8839K [0x00000000d5580000, 0x00000000e5b80000, 0x0000000100000000)
  eden space 209920K, 0% used [0x00000000d5580000,0x00000000d5580000,0x00000000e2280000)
  from space 9216K, 95% used [0x00000000e2980000,0x00000000e3221e48,0x00000000e3280000)
  to   space 29184K, 0% used [0x00000000e3f00000,0x00000000e3f00000,0x00000000e5b80000)
 ParOldGen       total 140800K, used 79188K [0x0000000080000000, 0x0000000088980000, 0x00000000d5580000)
  object space 140800K, 56% used [0x0000000080000000,0x0000000084d55088,0x0000000088980000)
 Metaspace       used 93928K, capacity 98488K, committed 98496K, reserved 1134592K
  class space    used 12446K, capacity 13432K, committed 13440K, reserved 1048576K
}
Event: 390.833 GC heap before
{Heap before GC invocations=21 (full 4):
 PSYoungGen      total 219136K, used 8839K [0x00000000d5580000, 0x00000000e5b80000, 0x0000000100000000)
  eden space 209920K, 0% used [0x00000000d5580000,0x00000000d5580000,0x00000000e2280000)
  from space 9216K, 95% used [0x00000000e2980000,0x00000000e3221e48,0x00000000e3280000)
  to   space 29184K, 0% used [0x00000000e3f00000,0x00000000e3f00000,0x00000000e5b80000)
 ParOldGen       total 140800K, used 79188K [0x0000000080000000, 0x0000000088980000, 0x00000000d5580000)
  object space 140800K, 56% used [0x0000000080000000,0x0000000084d55088,0x0000000088980000)
 Metaspace       used 93928K, capacity 98488K, committed 98496K, reserved 1134592K
  class space    used 12446K, capacity 13432K, committed 13440K, reserved 1048576K
Event: 391.237 GC heap after
Heap after GC invocations=21 (full 4):
 PSYoungGen      total 219136K, used 0K [0x00000000d5580000, 0x00000000e5b80000, 0x0000000100000000)
  eden space 209920K, 0% used [0x00000000d5580000,0x00000000d5580000,0x00000000e2280000)
  from space 9216K, 0% used [0x00000000e2980000,0x00000000e2980000,0x00000000e3280000)
  to   space 29184K, 0% used [0x00000000e3f00000,0x00000000e3f00000,0x00000000e5b80000)
 ParOldGen       total 216064K, used 59698K [0x0000000080000000, 0x000000008d300000, 0x00000000d5580000)
  object space 216064K, 27% used [0x0000000080000000,0x0000000083a4cb68,0x000000008d300000)
 Metaspace       used 93840K, capacity 98256K, committed 98496K, reserved 1134592K
  class space    used 12422K, capacity 13396K, committed 13440K, reserved 1048576K
}
Event: 1572.103 GC heap before
{Heap before GC invocations=22 (full 4):
 PSYoungGen      total 219136K, used 209920K [0x00000000d5580000, 0x00000000e5b80000, 0x0000000100000000)
  eden space 209920K, 100% used [0x00000000d5580000,0x00000000e2280000,0x00000000e2280000)
  from space 9216K, 0% used [0x00000000e2980000,0x00000000e2980000,0x00000000e3280000)
  to   space 29184K, 0% used [0x00000000e3f00000,0x00000000e3f00000,0x00000000e5b80000)
 ParOldGen       total 216064K, used 59698K [0x0000000080000000, 0x000000008d300000, 0x00000000d5580000)
  object space 216064K, 27% used [0x0000000080000000,0x0000000083a4cb68,0x000000008d300000)
 Metaspace       used 97724K, capacity 102350K, committed 102528K, reserved 1138688K
  class space    used 12896K, capacity 13940K, committed 13952K, reserved 1048576K
Event: 1573.370 GC heap after
Heap after GC invocations=22 (full 4):
 PSYoungGen      total 240640K, used 11903K [0x00000000d5580000, 0x00000000e6e80000, 0x0000000100000000)
  eden space 211456K, 0% used [0x00000000d5580000,0x00000000d5580000,0x00000000e2400000)
  from space 29184K, 40% used [0x00000000e3f00000,0x00000000e4a9fe88,0x00000000e5b80000)
  to   space 27648K, 0% used [0x00000000e2400000,0x00000000e2400000,0x00000000e3f00000)
 ParOldGen       total 216064K, used 59706K [0x0000000080000000, 0x000000008d300000, 0x00000000d5580000)
  object space 216064K, 27% used [0x0000000080000000,0x0000000083a4eb68,0x000000008d300000)
 Metaspace       used 97724K, capacity 102350K, committed 102528K, reserved 1138688K
  class space    used 12896K, capacity 13940K, committed 13952K, reserved 1048576K
}
Event: 1765.616 GC heap before
{Heap before GC invocations=23 (full 4):
 PSYoungGen      total 240640K, used 223359K [0x00000000d5580000, 0x00000000e6e80000, 0x0000000100000000)
  eden space 211456K, 100% used [0x00000000d5580000,0x00000000e2400000,0x00000000e2400000)
  from space 29184K, 40% used [0x00000000e3f00000,0x00000000e4a9fe88,0x00000000e5b80000)
  to   space 27648K, 0% used [0x00000000e2400000,0x00000000e2400000,0x00000000e3f00000)
 ParOldGen       total 216064K, used 59706K [0x0000000080000000, 0x000000008d300000, 0x00000000d5580000)
  object space 216064K, 27% used [0x0000000080000000,0x0000000083a4eb68,0x000000008d300000)
 Metaspace       used 100050K, capacity 105330K, committed 105472K, reserved 1140736K
  class space    used 13176K, capacity 14334K, committed 14336K, reserved 1048576K
Event: 1765.776 GC heap after
Heap after GC invocations=23 (full 4):
 PSYoungGen      total 239104K, used 26030K [0x00000000d5580000, 0x00000000e7380000, 0x0000000100000000)
  eden space 211456K, 0% used [0x00000000d5580000,0x00000000d5580000,0x00000000e2400000)
  from space 27648K, 94% used [0x00000000e2400000,0x00000000e3d6b8e0,0x00000000e3f00000)
  to   space 31232K, 0% used [0x00000000e5500000,0x00000000e5500000,0x00000000e7380000)
 ParOldGen       total 216064K, used 59706K [0x0000000080000000, 0x000000008d300000, 0x00000000d5580000)
  object space 216064K, 27% used [0x0000000080000000,0x0000000083a4eb68,0x000000008d300000)
 Metaspace       used 100050K, capacity 105330K, committed 105472K, reserved 1140736K
  class space    used 13176K, capacity 14334K, committed 14336K, reserved 1048576K
}

