# JRE version: OpenJDK Runtime Environment (8.0_242-b01) (build 1.8.0_242-release-1644-b01)
# Java VM: OpenJDK 64-Bit Server VM (25.242-b01 mixed mode windows-amd64 compressed oops)
Heap:
 PSYoungGen      total 161280K, used 13274K [0x00000000d5580000, 0x00000000e0d00000, 0x0000000100000000)
  eden space 140800K, 9% used [0x00000000d5580000,0x00000000d6276af0,0x00000000ddf00000)
  from space 20480K, 0% used [0x00000000ddf00000,0x00000000ddf00000,0x00000000df300000)
  to   space 15360K, 0% used [0x00000000df300000,0x00000000df300000,0x00000000e0200000)
 ParOldGen       total 97792K, used 37420K [0x0000000080000000, 0x0000000085f80000, 0x00000000d5580000)
  object space 97792K, 38% used [0x0000000080000000,0x000000008248b3b8,0x0000000085f80000)
 Metaspace       used 57255K, capacity 59634K, committed 59864K, reserved 1101824K
  class space    used 7857K, capacity 8361K, committed 8448K, reserved 1048576K
GC Heap History (10 events):
Event: 10.355 GC heap before
{Heap before GC invocations=12 (full 2):
 PSYoungGen      total 101888K, used 90112K [0x00000000d5580000, 0x00000000de100000, 0x0000000100000000)
  eden space 90112K, 100% used [0x00000000d5580000,0x00000000dad80000,0x00000000dad80000)
  from space 11776K, 0% used [0x00000000dad80000,0x00000000dad80000,0x00000000db900000)
  to   space 11776K, 0% used [0x00000000dd580000,0x00000000dd580000,0x00000000de100000)
 ParOldGen       total 97792K, used 14481K [0x0000000080000000, 0x0000000085f80000, 0x00000000d5580000)
  object space 97792K, 14% used [0x0000000080000000,0x0000000080e245a8,0x0000000085f80000)
 Metaspace       used 36878K, capacity 38406K, committed 38616K, reserved 1083392K
  class space    used 5063K, capacity 5371K, committed 5376K, reserved 1048576K
Event: 10.364 GC heap after
Heap after GC invocations=12 (full 2):
 PSYoungGen      total 121856K, used 6816K [0x00000000d5580000, 0x00000000ddc80000, 0x0000000100000000)
  eden space 114688K, 0% used [0x00000000d5580000,0x00000000d5580000,0x00000000dc580000)
  from space 7168K, 95% used [0x00000000dd580000,0x00000000ddc28130,0x00000000ddc80000)
  to   space 11264K, 0% used [0x00000000dc680000,0x00000000dc680000,0x00000000dd180000)
 ParOldGen       total 97792K, used 14481K [0x0000000080000000, 0x0000000085f80000, 0x00000000d5580000)
  object space 97792K, 14% used [0x0000000080000000,0x0000000080e245a8,0x0000000085f80000)
 Metaspace       used 36878K, capacity 38406K, committed 38616K, reserved 1083392K
  class space    used 5063K, capacity 5371K, committed 5376K, reserved 1048576K
}
Event: 12.303 GC heap before
{Heap before GC invocations=13 (full 2):
 PSYoungGen      total 121856K, used 121504K [0x00000000d5580000, 0x00000000ddc80000, 0x0000000100000000)
  eden space 114688K, 100% used [0x00000000d5580000,0x00000000dc580000,0x00000000dc580000)
  from space 7168K, 95% used [0x00000000dd580000,0x00000000ddc28130,0x00000000ddc80000)
  to   space 11264K, 0% used [0x00000000dc680000,0x00000000dc680000,0x00000000dd180000)
 ParOldGen       total 97792K, used 14481K [0x0000000080000000, 0x0000000085f80000, 0x00000000d5580000)
  object space 97792K, 14% used [0x0000000080000000,0x0000000080e245a8,0x0000000085f80000)
 Metaspace       used 48277K, capacity 50244K, committed 50392K, reserved 1093632K
  class space    used 6497K, capacity 6887K, committed 6912K, reserved 1048576K
Event: 12.343 GC heap after
Heap after GC invocations=13 (full 2):
 PSYoungGen      total 126976K, used 11261K [0x00000000d5580000, 0x00000000e0200000, 0x0000000100000000)
  eden space 115712K, 0% used [0x00000000d5580000,0x00000000d5580000,0x00000000dc680000)
  from space 11264K, 99% used [0x00000000dc680000,0x00000000dd17f720,0x00000000dd180000)
  to   space 15360K, 0% used [0x00000000df300000,0x00000000df300000,0x00000000e0200000)
 ParOldGen       total 97792K, used 22896K [0x0000000080000000, 0x0000000085f80000, 0x00000000d5580000)
  object space 97792K, 23% used [0x0000000080000000,0x000000008165c228,0x0000000085f80000)
 Metaspace       used 48277K, capacity 50244K, committed 50392K, reserved 1093632K
  class space    used 6497K, capacity 6887K, committed 6912K, reserved 1048576K
}
Event: 15.205 GC heap before
{Heap before GC invocations=14 (full 2):
 PSYoungGen      total 126976K, used 126973K [0x00000000d5580000, 0x00000000e0200000, 0x0000000100000000)
  eden space 115712K, 100% used [0x00000000d5580000,0x00000000dc680000,0x00000000dc680000)
  from space 11264K, 99% used [0x00000000dc680000,0x00000000dd17f720,0x00000000dd180000)
  to   space 15360K, 0% used [0x00000000df300000,0x00000000df300000,0x00000000e0200000)
 ParOldGen       total 97792K, used 22896K [0x0000000080000000, 0x0000000085f80000, 0x00000000d5580000)
  object space 97792K, 23% used [0x0000000080000000,0x000000008165c228,0x0000000085f80000)
 Metaspace       used 56042K, capacity 58336K, committed 58584K, reserved 1099776K
  class space    used 7631K, capacity 8108K, committed 8192K, reserved 1048576K
Event: 15.265 GC heap after
Heap after GC invocations=14 (full 2):
 PSYoungGen      total 156160K, used 15340K [0x00000000d5580000, 0x00000000e0d00000, 0x0000000100000000)
  eden space 140800K, 0% used [0x00000000d5580000,0x00000000d5580000,0x00000000ddf00000)
  from space 15360K, 99% used [0x00000000df300000,0x00000000e01fb330,0x00000000e0200000)
  to   space 20480K, 0% used [0x00000000ddf00000,0x00000000ddf00000,0x00000000df300000)
 ParOldGen       total 97792K, used 31295K [0x0000000080000000, 0x0000000085f80000, 0x00000000d5580000)
  object space 97792K, 32% used [0x0000000080000000,0x0000000081e8ff70,0x0000000085f80000)
 Metaspace       used 56042K, capacity 58336K, committed 58584K, reserved 1099776K
  class space    used 7631K, capacity 8108K, committed 8192K, reserved 1048576K
}
Event: 15.444 GC heap before
{Heap before GC invocations=15 (full 2):
 PSYoungGen      total 156160K, used 33446K [0x00000000d5580000, 0x00000000e0d00000, 0x0000000100000000)
  eden space 140800K, 12% used [0x00000000d5580000,0x00000000d672e4f8,0x00000000ddf00000)
  from space 15360K, 99% used [0x00000000df300000,0x00000000e01fb330,0x00000000e0200000)
  to   space 20480K, 0% used [0x00000000ddf00000,0x00000000ddf00000,0x00000000df300000)
 ParOldGen       total 97792K, used 31295K [0x0000000080000000, 0x0000000085f80000, 0x00000000d5580000)
  object space 97792K, 32% used [0x0000000080000000,0x0000000081e8ff70,0x0000000085f80000)
 Metaspace       used 56572K, capacity 58856K, committed 58968K, reserved 1099776K
  class space    used 7721K, capacity 8226K, committed 8320K, reserved 1048576K
Event: 15.491 GC heap after
Heap after GC invocations=15 (full 2):
 PSYoungGen      total 161280K, used 16764K [0x00000000d5580000, 0x00000000e0d00000, 0x0000000100000000)
  eden space 140800K, 0% used [0x00000000d5580000,0x00000000d5580000,0x00000000ddf00000)
  from space 20480K, 81% used [0x00000000ddf00000,0x00000000def5f320,0x00000000df300000)
  to   space 15360K, 0% used [0x00000000df300000,0x00000000df300000,0x00000000e0200000)
 ParOldGen       total 97792K, used 31295K [0x0000000080000000, 0x0000000085f80000, 0x00000000d5580000)
  object space 97792K, 32% used [0x0000000080000000,0x0000000081e8ff70,0x0000000085f80000)
 Metaspace       used 56572K, capacity 58856K, committed 58968K, reserved 1099776K
  class space    used 7721K, capacity 8226K, committed 8320K, reserved 1048576K
}
Event: 15.491 GC heap before
{Heap before GC invocations=16 (full 3):
 PSYoungGen      total 161280K, used 16764K [0x00000000d5580000, 0x00000000e0d00000, 0x0000000100000000)
  eden space 140800K, 0% used [0x00000000d5580000,0x00000000d5580000,0x00000000ddf00000)
  from space 20480K, 81% used [0x00000000ddf00000,0x00000000def5f320,0x00000000df300000)
  to   space 15360K, 0% used [0x00000000df300000,0x00000000df300000,0x00000000e0200000)
 ParOldGen       total 97792K, used 31295K [0x0000000080000000, 0x0000000085f80000, 0x00000000d5580000)
  object space 97792K, 32% used [0x0000000080000000,0x0000000081e8ff70,0x0000000085f80000)
 Metaspace       used 56572K, capacity 58856K, committed 58968K, reserved 1099776K
  class space    used 7721K, capacity 8226K, committed 8320K, reserved 1048576K
Event: 15.848 GC heap after
Heap after GC invocations=16 (full 3):
 PSYoungGen      total 161280K, used 0K [0x00000000d5580000, 0x00000000e0d00000, 0x0000000100000000)
  eden space 140800K, 0% used [0x00000000d5580000,0x00000000d5580000,0x00000000ddf00000)
  from space 20480K, 0% used [0x00000000ddf00000,0x00000000ddf00000,0x00000000df300000)
  to   space 15360K, 0% used [0x00000000df300000,0x00000000df300000,0x00000000e0200000)
 ParOldGen       total 97792K, used 37420K [0x0000000080000000, 0x0000000085f80000, 0x00000000d5580000)
  object space 97792K, 38% used [0x0000000080000000,0x000000008248b3b8,0x0000000085f80000)
 Metaspace       used 56554K, capacity 58796K, committed 58968K, reserved 1099776K
  class space    used 7716K, capacity 8216K, committed 8320K, reserved 1048576K
}

